2023-02-21 10:08:02,959 [Worker-6: Loading available Gradle versions] INFO  o.e.b.c.i.u.g.PublishedGradleVersions - Gradle version information cache is out-of-date. Trying to update.
2023-02-21 10:49:07,574 [Worker-14: Launching mavenrun-21868774-a44e-4f0f-b564-f9088701c21e] INFO  o.eclipse.m2e.core.internal.Bundles - getClasspathEntries(Bundle=org.eclipse.m2e.maven.runtime_3.8.604.20221130-2149 [345])
2023-02-21 10:49:07,597 [Worker-14: Launching mavenrun-21868774-a44e-4f0f-b564-f9088701c21e] INFO  o.eclipse.m2e.core.internal.Bundles - 	Entry: C:\STS\plugins\org.eclipse.m2e.maven.runtime_3.8.604.20221130-2149
2023-02-21 10:49:07,598 [Worker-14: Launching mavenrun-21868774-a44e-4f0f-b564-f9088701c21e] INFO  o.eclipse.m2e.core.internal.Bundles - 	Entry: C:\STS\plugins\org.eclipse.m2e.maven.runtime_3.8.604.20221130-2149\jars\aether-connector-okhttp-0.17.8.jar
2023-02-21 10:49:07,599 [Worker-14: Launching mavenrun-21868774-a44e-4f0f-b564-f9088701c21e] INFO  o.eclipse.m2e.core.internal.Bundles - 	Entry: C:\STS\plugins\org.eclipse.m2e.maven.runtime_3.8.604.20221130-2149\jars\commons-cli-1.4.jar
2023-02-21 10:49:07,599 [Worker-14: Launching mavenrun-21868774-a44e-4f0f-b564-f9088701c21e] INFO  o.eclipse.m2e.core.internal.Bundles - 	Entry: C:\STS\plugins\org.eclipse.m2e.maven.runtime_3.8.604.20221130-2149\jars\commons-io-2.6.jar
2023-02-21 10:49:07,600 [Worker-14: Launching mavenrun-21868774-a44e-4f0f-b564-f9088701c21e] INFO  o.eclipse.m2e.core.internal.Bundles - 	Entry: C:\STS\plugins\org.eclipse.m2e.maven.runtime_3.8.604.20221130-2149\jars\commons-lang3-3.8.1.jar
2023-02-21 10:49:07,600 [Worker-14: Launching mavenrun-21868774-a44e-4f0f-b564-f9088701c21e] INFO  o.eclipse.m2e.core.internal.Bundles - 	Entry: C:\STS\plugins\org.eclipse.m2e.maven.runtime_3.8.604.20221130-2149\jars\guice-4.2.2-no_aop.jar
2023-02-21 10:49:07,601 [Worker-14: Launching mavenrun-21868774-a44e-4f0f-b564-f9088701c21e] INFO  o.eclipse.m2e.core.internal.Bundles - 	Entry: C:\STS\plugins\org.eclipse.m2e.maven.runtime_3.8.604.20221130-2149\jars\jansi-2.4.0.jar
2023-02-21 10:49:07,602 [Worker-14: Launching mavenrun-21868774-a44e-4f0f-b564-f9088701c21e] INFO  o.eclipse.m2e.core.internal.Bundles - 	Entry: C:\STS\plugins\org.eclipse.m2e.maven.runtime_3.8.604.20221130-2149\jars\maven-artifact-3.8.6.jar
2023-02-21 10:49:07,602 [Worker-14: Launching mavenrun-21868774-a44e-4f0f-b564-f9088701c21e] INFO  o.eclipse.m2e.core.internal.Bundles - 	Entry: C:\STS\plugins\org.eclipse.m2e.maven.runtime_3.8.604.20221130-2149\jars\maven-builder-support-3.8.6.jar
2023-02-21 10:49:07,602 [Worker-14: Launching mavenrun-21868774-a44e-4f0f-b564-f9088701c21e] INFO  o.eclipse.m2e.core.internal.Bundles - 	Entry: C:\STS\plugins\org.eclipse.m2e.maven.runtime_3.8.604.20221130-2149\jars\maven-compat-3.8.6.jar
2023-02-21 10:49:07,603 [Worker-14: Launching mavenrun-21868774-a44e-4f0f-b564-f9088701c21e] INFO  o.eclipse.m2e.core.internal.Bundles - 	Entry: C:\STS\plugins\org.eclipse.m2e.maven.runtime_3.8.604.20221130-2149\jars\maven-core-3.8.6.jar
2023-02-21 10:49:07,603 [Worker-14: Launching mavenrun-21868774-a44e-4f0f-b564-f9088701c21e] INFO  o.eclipse.m2e.core.internal.Bundles - 	Entry: C:\STS\plugins\org.eclipse.m2e.maven.runtime_3.8.604.20221130-2149\jars\maven-embedder-3.8.6.jar
2023-02-21 10:49:07,603 [Worker-14: Launching mavenrun-21868774-a44e-4f0f-b564-f9088701c21e] INFO  o.eclipse.m2e.core.internal.Bundles - 	Entry: C:\STS\plugins\org.eclipse.m2e.maven.runtime_3.8.604.20221130-2149\jars\maven-model-3.8.6.jar
2023-02-21 10:49:07,604 [Worker-14: Launching mavenrun-21868774-a44e-4f0f-b564-f9088701c21e] INFO  o.eclipse.m2e.core.internal.Bundles - 	Entry: C:\STS\plugins\org.eclipse.m2e.maven.runtime_3.8.604.20221130-2149\jars\maven-model-builder-3.8.6.jar
2023-02-21 10:49:07,604 [Worker-14: Launching mavenrun-21868774-a44e-4f0f-b564-f9088701c21e] INFO  o.eclipse.m2e.core.internal.Bundles - 	Entry: C:\STS\plugins\org.eclipse.m2e.maven.runtime_3.8.604.20221130-2149\jars\maven-plugin-api-3.8.6.jar
2023-02-21 10:49:07,604 [Worker-14: Launching mavenrun-21868774-a44e-4f0f-b564-f9088701c21e] INFO  o.eclipse.m2e.core.internal.Bundles - 	Entry: C:\STS\plugins\org.eclipse.m2e.maven.runtime_3.8.604.20221130-2149\jars\maven-repository-metadata-3.8.6.jar
2023-02-21 10:49:07,605 [Worker-14: Launching mavenrun-21868774-a44e-4f0f-b564-f9088701c21e] INFO  o.eclipse.m2e.core.internal.Bundles - 	Entry: C:\STS\plugins\org.eclipse.m2e.maven.runtime_3.8.604.20221130-2149\jars\maven-resolver-api-1.6.3.jar
2023-02-21 10:49:07,606 [Worker-14: Launching mavenrun-21868774-a44e-4f0f-b564-f9088701c21e] INFO  o.eclipse.m2e.core.internal.Bundles - 	Entry: C:\STS\plugins\org.eclipse.m2e.maven.runtime_3.8.604.20221130-2149\jars\maven-resolver-connector-basic-1.6.3.jar
2023-02-21 10:49:07,607 [Worker-14: Launching mavenrun-21868774-a44e-4f0f-b564-f9088701c21e] INFO  o.eclipse.m2e.core.internal.Bundles - 	Entry: C:\STS\plugins\org.eclipse.m2e.maven.runtime_3.8.604.20221130-2149\jars\maven-resolver-impl-1.6.3.jar
2023-02-21 10:49:07,608 [Worker-14: Launching mavenrun-21868774-a44e-4f0f-b564-f9088701c21e] INFO  o.eclipse.m2e.core.internal.Bundles - 	Entry: C:\STS\plugins\org.eclipse.m2e.maven.runtime_3.8.604.20221130-2149\jars\maven-resolver-provider-3.8.6.jar
2023-02-21 10:49:07,608 [Worker-14: Launching mavenrun-21868774-a44e-4f0f-b564-f9088701c21e] INFO  o.eclipse.m2e.core.internal.Bundles - 	Entry: C:\STS\plugins\org.eclipse.m2e.maven.runtime_3.8.604.20221130-2149\jars\maven-resolver-spi-1.6.3.jar
2023-02-21 10:49:07,608 [Worker-14: Launching mavenrun-21868774-a44e-4f0f-b564-f9088701c21e] INFO  o.eclipse.m2e.core.internal.Bundles - 	Entry: C:\STS\plugins\org.eclipse.m2e.maven.runtime_3.8.604.20221130-2149\jars\maven-resolver-transport-wagon-1.6.3.jar
2023-02-21 10:49:07,608 [Worker-14: Launching mavenrun-21868774-a44e-4f0f-b564-f9088701c21e] INFO  o.eclipse.m2e.core.internal.Bundles - 	Entry: C:\STS\plugins\org.eclipse.m2e.maven.runtime_3.8.604.20221130-2149\jars\maven-resolver-util-1.6.3.jar
2023-02-21 10:49:07,609 [Worker-14: Launching mavenrun-21868774-a44e-4f0f-b564-f9088701c21e] INFO  o.eclipse.m2e.core.internal.Bundles - 	Entry: C:\STS\plugins\org.eclipse.m2e.maven.runtime_3.8.604.20221130-2149\jars\maven-settings-3.8.6.jar
2023-02-21 10:49:07,609 [Worker-14: Launching mavenrun-21868774-a44e-4f0f-b564-f9088701c21e] INFO  o.eclipse.m2e.core.internal.Bundles - 	Entry: C:\STS\plugins\org.eclipse.m2e.maven.runtime_3.8.604.20221130-2149\jars\maven-settings-builder-3.8.6.jar
2023-02-21 10:49:07,610 [Worker-14: Launching mavenrun-21868774-a44e-4f0f-b564-f9088701c21e] INFO  o.eclipse.m2e.core.internal.Bundles - 	Entry: C:\STS\plugins\org.eclipse.m2e.maven.runtime_3.8.604.20221130-2149\jars\maven-shared-utils-3.3.4.jar
2023-02-21 10:49:07,610 [Worker-14: Launching mavenrun-21868774-a44e-4f0f-b564-f9088701c21e] INFO  o.eclipse.m2e.core.internal.Bundles - 	Entry: C:\STS\plugins\org.eclipse.m2e.maven.runtime_3.8.604.20221130-2149\jars\okhttp-3.14.1.jar
2023-02-21 10:49:07,610 [Worker-14: Launching mavenrun-21868774-a44e-4f0f-b564-f9088701c21e] INFO  o.eclipse.m2e.core.internal.Bundles - 	Entry: C:\STS\plugins\org.eclipse.m2e.maven.runtime_3.8.604.20221130-2149\jars\okio-1.17.3.jar
2023-02-21 10:49:07,611 [Worker-14: Launching mavenrun-21868774-a44e-4f0f-b564-f9088701c21e] INFO  o.eclipse.m2e.core.internal.Bundles - 	Entry: C:\STS\plugins\org.eclipse.m2e.maven.runtime_3.8.604.20221130-2149\jars\org.eclipse.sisu.inject-0.3.5.jar
2023-02-21 10:49:07,611 [Worker-14: Launching mavenrun-21868774-a44e-4f0f-b564-f9088701c21e] INFO  o.eclipse.m2e.core.internal.Bundles - 	Entry: C:\STS\plugins\org.eclipse.m2e.maven.runtime_3.8.604.20221130-2149\jars\org.eclipse.sisu.plexus-0.3.5.jar
2023-02-21 10:49:07,611 [Worker-14: Launching mavenrun-21868774-a44e-4f0f-b564-f9088701c21e] INFO  o.eclipse.m2e.core.internal.Bundles - 	Entry: C:\STS\plugins\org.eclipse.m2e.maven.runtime_3.8.604.20221130-2149\jars\plexus-build-api-0.0.7.jar
2023-02-21 10:49:07,612 [Worker-14: Launching mavenrun-21868774-a44e-4f0f-b564-f9088701c21e] INFO  o.eclipse.m2e.core.internal.Bundles - 	Entry: C:\STS\plugins\org.eclipse.m2e.maven.runtime_3.8.604.20221130-2149\jars\plexus-cipher-2.0.jar
2023-02-21 10:49:07,612 [Worker-14: Launching mavenrun-21868774-a44e-4f0f-b564-f9088701c21e] INFO  o.eclipse.m2e.core.internal.Bundles - 	Entry: C:\STS\plugins\org.eclipse.m2e.maven.runtime_3.8.604.20221130-2149\jars\plexus-classworlds-2.6.0.jar
2023-02-21 10:49:07,612 [Worker-14: Launching mavenrun-21868774-a44e-4f0f-b564-f9088701c21e] INFO  o.eclipse.m2e.core.internal.Bundles - 	Entry: C:\STS\plugins\org.eclipse.m2e.maven.runtime_3.8.604.20221130-2149\jars\plexus-component-annotations-2.1.0.jar
2023-02-21 10:49:07,613 [Worker-14: Launching mavenrun-21868774-a44e-4f0f-b564-f9088701c21e] INFO  o.eclipse.m2e.core.internal.Bundles - 	Entry: C:\STS\plugins\org.eclipse.m2e.maven.runtime_3.8.604.20221130-2149\jars\plexus-interpolation-1.26.jar
2023-02-21 10:49:07,613 [Worker-14: Launching mavenrun-21868774-a44e-4f0f-b564-f9088701c21e] INFO  o.eclipse.m2e.core.internal.Bundles - 	Entry: C:\STS\plugins\org.eclipse.m2e.maven.runtime_3.8.604.20221130-2149\jars\plexus-sec-dispatcher-2.0.jar
2023-02-21 10:49:07,613 [Worker-14: Launching mavenrun-21868774-a44e-4f0f-b564-f9088701c21e] INFO  o.eclipse.m2e.core.internal.Bundles - 	Entry: C:\STS\plugins\org.eclipse.m2e.maven.runtime_3.8.604.20221130-2149\jars\plexus-utils-3.3.1.jar
2023-02-21 10:49:07,613 [Worker-14: Launching mavenrun-21868774-a44e-4f0f-b564-f9088701c21e] INFO  o.eclipse.m2e.core.internal.Bundles - 	Entry: C:\STS\plugins\org.eclipse.m2e.maven.runtime_3.8.604.20221130-2149\jars\wagon-file-3.5.1.jar
2023-02-21 10:49:07,614 [Worker-14: Launching mavenrun-21868774-a44e-4f0f-b564-f9088701c21e] INFO  o.eclipse.m2e.core.internal.Bundles - 	Entry: C:\STS\plugins\org.eclipse.m2e.maven.runtime_3.8.604.20221130-2149\jars\wagon-provider-api-3.5.1.jar
2023-02-21 10:49:07,617 [Worker-14: Launching mavenrun-21868774-a44e-4f0f-b564-f9088701c21e] INFO  o.eclipse.m2e.core.internal.Bundles - getClasspathEntries(Bundle=com.google.guava_30.1.0.v20221112-0806 [22])
2023-02-21 10:49:07,620 [Worker-14: Launching mavenrun-21868774-a44e-4f0f-b564-f9088701c21e] INFO  o.eclipse.m2e.core.internal.Bundles - 	Entry: C:\STS\plugins\com.google.guava_30.1.0.v20221112-0806.jar
2023-02-21 10:49:07,621 [Worker-14: Launching mavenrun-21868774-a44e-4f0f-b564-f9088701c21e] INFO  o.eclipse.m2e.core.internal.Bundles - getClasspathEntries(Bundle=slf4j.api_1.7.36 [584])
2023-02-21 10:49:07,623 [Worker-14: Launching mavenrun-21868774-a44e-4f0f-b564-f9088701c21e] INFO  o.eclipse.m2e.core.internal.Bundles - 	Entry: C:\STS\plugins\slf4j.api_1.7.36.jar
2023-02-21 10:49:07,624 [Worker-14: Launching mavenrun-21868774-a44e-4f0f-b564-f9088701c21e] INFO  o.eclipse.m2e.core.internal.Bundles - getClasspathEntries(Bundle=javax.inject_1.0.0.v20220405-0441 [49])
2023-02-21 10:49:07,625 [Worker-14: Launching mavenrun-21868774-a44e-4f0f-b564-f9088701c21e] INFO  o.eclipse.m2e.core.internal.Bundles - 	Entry: C:\STS\plugins\javax.inject_1.0.0.v20220405-0441.jar
2023-02-21 10:49:07,625 [Worker-14: Launching mavenrun-21868774-a44e-4f0f-b564-f9088701c21e] INFO  o.eclipse.m2e.core.internal.Bundles - getClasspathEntries(Bundle=javax.annotation_1.3.5.v20221112-0806 [47])
2023-02-21 10:49:07,626 [Worker-14: Launching mavenrun-21868774-a44e-4f0f-b564-f9088701c21e] INFO  o.eclipse.m2e.core.internal.Bundles - 	Entry: C:\STS\plugins\javax.annotation_1.3.5.v20221112-0806.jar
2023-02-21 10:49:07,641 [Worker-14: Launching mavenrun-21868774-a44e-4f0f-b564-f9088701c21e] INFO  o.e.m.i.launch.MavenLaunchDelegate - Run build in "C:\Users\MANISHJ\AppData\Local\Temp\m2e-archetypeGenerator13650541410278383433":
2023-02-21 10:49:07,645 [Worker-14: Launching mavenrun-21868774-a44e-4f0f-b564-f9088701c21e] INFO  o.e.m.i.launch.MavenLaunchDelegate -  mvn  -DarchetypeGroupId=org.apache.maven.archetypes -DarchetypeArtifactId=maven-archetype-quickstart -DarchetypeVersion=1.1 -DgroupId=com.spring.jdbc -DartifactId=springjdbc -Dversion=0.0.1-SNAPSHOT -Dpackage=com.spring.jdbc -DoutputDirectory="D:\Spring Tutorial\Spring JDBC" -Dstyle.color=always -U archetype:generate
2023-02-21 10:49:26,838 [Worker-15: Creating maven-archetype-quickstart] INFO  o.e.m.c.i.p.ProjectConfigurationManager - Collecting project info '/pom.xml' D:\Spring Tutorial\Spring JDBC\springjdbc\pom.xml
2023-02-21 10:49:31,531 [Worker-15: Creating maven-archetype-quickstart] INFO  o.e.m.c.i.l.LifecycleMappingFactory - Using org.eclipse.m2e.jdt.JarLifecycleMapping lifecycle mapping for MavenProject: com.spring.jdbc:springjdbc:0.0.1-SNAPSHOT @ D:\Spring Tutorial\Spring JDBC\springjdbc\pom.xml.
2023-02-21 10:49:32,815 [Worker-15: Creating maven-archetype-quickstart] INFO  o.e.m.j.i.AbstractJavaProjectConfigurator - Adding source folder /springjdbc/src/main/java
2023-02-21 10:49:32,824 [Worker-15: Creating maven-archetype-quickstart] INFO  o.e.m.j.i.AbstractJavaProjectConfigurator - Adding source folder /springjdbc/src/test/java
2023-02-21 10:49:33,065 [Worker-15: Creating maven-archetype-quickstart] INFO  o.e.m.c.i.p.ProjectConfigurationManager - Imported and configured 1 project(s) in 6 sec
2023-02-21 10:49:34,356 [Worker-14: Building] INFO  o.e.m.c.i.embedder.EclipseLogger - Using 'UTF-8' encoding to copy filtered resources.
2023-02-21 10:49:34,357 [Worker-14: Building] INFO  o.e.m.c.i.embedder.EclipseLogger - skip non existing resourceDirectory D:\Spring Tutorial\Spring JDBC\springjdbc\src\main\resources
2023-02-21 10:49:34,359 [Worker-14: Building] INFO  o.e.m.c.i.embedder.EclipseLogger - Using 'UTF-8' encoding to copy filtered resources.
2023-02-21 10:49:34,360 [Worker-14: Building] INFO  o.e.m.c.i.embedder.EclipseLogger - skip non existing resourceDirectory D:\Spring Tutorial\Spring JDBC\springjdbc\src\test\resources
2023-02-21 10:50:34,736 [Worker-6: Building] INFO  o.e.m.c.i.embedder.EclipseLogger - Using 'UTF-8' encoding to copy filtered resources.
2023-02-21 10:50:34,741 [Worker-6: Building] INFO  o.e.m.c.i.embedder.EclipseLogger - skip non existing resourceDirectory D:\Spring Tutorial\Spring JDBC\springjdbc\src\main\resources
2023-02-21 10:50:34,744 [Worker-6: Building] INFO  o.e.m.c.i.embedder.EclipseLogger - Using 'UTF-8' encoding to copy filtered resources.
2023-02-21 10:50:34,744 [Worker-6: Building] INFO  o.e.m.c.i.embedder.EclipseLogger - skip non existing resourceDirectory D:\Spring Tutorial\Spring JDBC\springjdbc\src\test\resources
2023-02-21 10:51:27,865 [Worker-3: Loading available Gradle versions] INFO  o.e.b.c.i.u.g.PublishedGradleVersions - Gradle version information cache is up-to-date. Trying to read.
2023-02-21 10:55:45,806 [Worker-0: Building] INFO  o.e.m.c.i.l.LifecycleMappingFactory - Using org.eclipse.m2e.jdt.JarLifecycleMapping lifecycle mapping for MavenProject: com.spring.jdbc:springjdbc:0.0.1-SNAPSHOT @ D:\Spring Tutorial\Spring JDBC\springjdbc\pom.xml.
2023-02-21 10:55:46,776 [Worker-0: Building] INFO  o.e.m.c.i.embedder.EclipseLogger - Using 'UTF-8' encoding to copy filtered resources.
2023-02-21 10:55:46,776 [Worker-0: Building] INFO  o.e.m.c.i.embedder.EclipseLogger - skip non existing resourceDirectory D:\Spring Tutorial\Spring JDBC\springjdbc\src\main\resources
2023-02-21 10:55:46,779 [Worker-0: Building] INFO  o.e.m.c.i.embedder.EclipseLogger - Using 'UTF-8' encoding to copy filtered resources.
2023-02-21 10:55:46,780 [Worker-0: Building] INFO  o.e.m.c.i.embedder.EclipseLogger - skip non existing resourceDirectory D:\Spring Tutorial\Spring JDBC\springjdbc\src\test\resources
2023-02-21 10:55:47,858 [Worker-11: Download sources and javadoc] INFO  o.e.m.c.i.e.AbstractTransferListenerAdapter - Downloading https://repo.maven.apache.org/maven2/org/springframework/spring-core/5.3.24/spring-core-5.3.24-sources.jar
2023-02-21 10:55:48,189 [Worker-11: Download sources and javadoc] INFO  o.e.m.c.i.e.AbstractTransferListenerAdapter - Downloaded https://repo.maven.apache.org/maven2/org/springframework/spring-core/5.3.24/spring-core-5.3.24-sources.jar
2023-02-21 10:55:48,214 [Worker-11: Download sources and javadoc] INFO  o.e.m.j.internal.DownloadSourcesJob - Downloaded sources for org.springframework:spring-core:5.3.24
2023-02-21 10:55:48,308 [Worker-11: Download sources and javadoc] INFO  o.e.m.c.i.e.AbstractTransferListenerAdapter - Downloading https://repo.maven.apache.org/maven2/org/springframework/spring-jcl/5.3.24/spring-jcl-5.3.24-sources.jar
2023-02-21 10:55:48,374 [Worker-11: Download sources and javadoc] INFO  o.e.m.c.i.e.AbstractTransferListenerAdapter - Downloaded https://repo.maven.apache.org/maven2/org/springframework/spring-jcl/5.3.24/spring-jcl-5.3.24-sources.jar
2023-02-21 10:55:48,399 [Worker-11: Download sources and javadoc] INFO  o.e.m.j.internal.DownloadSourcesJob - Downloaded sources for org.springframework:spring-jcl:5.3.24
2023-02-21 10:55:48,422 [Worker-1: Building] INFO  o.e.m.c.i.embedder.EclipseLogger - Using 'UTF-8' encoding to copy filtered resources.
2023-02-21 10:55:48,423 [Worker-1: Building] INFO  o.e.m.c.i.embedder.EclipseLogger - skip non existing resourceDirectory D:\Spring Tutorial\Spring JDBC\springjdbc\src\main\resources
2023-02-21 10:55:48,426 [Worker-1: Building] INFO  o.e.m.c.i.embedder.EclipseLogger - Using 'UTF-8' encoding to copy filtered resources.
2023-02-21 10:55:48,426 [Worker-1: Building] INFO  o.e.m.c.i.embedder.EclipseLogger - skip non existing resourceDirectory D:\Spring Tutorial\Spring JDBC\springjdbc\src\test\resources
2023-02-21 10:55:48,478 [Worker-11: Download sources and javadoc] INFO  o.e.m.c.i.e.AbstractTransferListenerAdapter - Downloading https://repo.maven.apache.org/maven2/org/springframework/spring-context/5.3.24/spring-context-5.3.24-sources.jar
2023-02-21 10:55:48,623 [Worker-11: Download sources and javadoc] INFO  o.e.m.c.i.e.AbstractTransferListenerAdapter - Downloaded https://repo.maven.apache.org/maven2/org/springframework/spring-context/5.3.24/spring-context-5.3.24-sources.jar
2023-02-21 10:55:48,649 [Worker-11: Download sources and javadoc] INFO  o.e.m.j.internal.DownloadSourcesJob - Downloaded sources for org.springframework:spring-context:5.3.24
2023-02-21 10:55:48,712 [Worker-11: Download sources and javadoc] INFO  o.e.m.c.i.e.AbstractTransferListenerAdapter - Downloading https://repo.maven.apache.org/maven2/org/springframework/spring-aop/5.3.24/spring-aop-5.3.24-sources.jar
2023-02-21 10:55:49,013 [Worker-11: Download sources and javadoc] INFO  o.e.m.c.i.e.AbstractTransferListenerAdapter - Downloaded https://repo.maven.apache.org/maven2/org/springframework/spring-aop/5.3.24/spring-aop-5.3.24-sources.jar
2023-02-21 10:55:49,036 [Worker-11: Download sources and javadoc] INFO  o.e.m.j.internal.DownloadSourcesJob - Downloaded sources for org.springframework:spring-aop:5.3.24
2023-02-21 10:55:49,103 [Worker-11: Download sources and javadoc] INFO  o.e.m.c.i.e.AbstractTransferListenerAdapter - Downloading https://repo.maven.apache.org/maven2/org/springframework/spring-beans/5.3.24/spring-beans-5.3.24-sources.jar
2023-02-21 10:55:49,170 [Worker-11: Download sources and javadoc] INFO  o.e.m.c.i.e.AbstractTransferListenerAdapter - Downloaded https://repo.maven.apache.org/maven2/org/springframework/spring-beans/5.3.24/spring-beans-5.3.24-sources.jar
2023-02-21 10:55:49,186 [Worker-11: Download sources and javadoc] INFO  o.e.m.j.internal.DownloadSourcesJob - Downloaded sources for org.springframework:spring-beans:5.3.24
2023-02-21 10:55:49,289 [Worker-11: Download sources and javadoc] INFO  o.e.m.c.i.e.AbstractTransferListenerAdapter - Downloading https://repo.maven.apache.org/maven2/org/springframework/spring-expression/5.3.24/spring-expression-5.3.24-sources.jar
2023-02-21 10:55:49,604 [Worker-11: Download sources and javadoc] INFO  o.e.m.c.i.e.AbstractTransferListenerAdapter - Downloaded https://repo.maven.apache.org/maven2/org/springframework/spring-expression/5.3.24/spring-expression-5.3.24-sources.jar
2023-02-21 10:55:49,630 [Worker-11: Download sources and javadoc] INFO  o.e.m.j.internal.DownloadSourcesJob - Downloaded sources for org.springframework:spring-expression:5.3.24
2023-02-21 10:55:49,821 [Worker-1: Building] INFO  o.e.m.c.i.embedder.EclipseLogger - Using 'UTF-8' encoding to copy filtered resources.
2023-02-21 10:55:49,821 [Worker-1: Building] INFO  o.e.m.c.i.embedder.EclipseLogger - skip non existing resourceDirectory D:\Spring Tutorial\Spring JDBC\springjdbc\src\main\resources
2023-02-21 10:55:49,824 [Worker-1: Building] INFO  o.e.m.c.i.embedder.EclipseLogger - Using 'UTF-8' encoding to copy filtered resources.
2023-02-21 10:55:49,824 [Worker-1: Building] INFO  o.e.m.c.i.embedder.EclipseLogger - skip non existing resourceDirectory D:\Spring Tutorial\Spring JDBC\springjdbc\src\test\resources
2023-02-21 10:56:12,132 [Worker-9: Building] INFO  o.e.m.c.i.l.LifecycleMappingFactory - Using org.eclipse.m2e.jdt.JarLifecycleMapping lifecycle mapping for MavenProject: com.spring.jdbc:springjdbc:0.0.1-SNAPSHOT @ D:\Spring Tutorial\Spring JDBC\springjdbc\pom.xml.
2023-02-21 10:56:12,429 [Worker-9: Building] INFO  o.e.m.c.i.embedder.EclipseLogger - Using 'UTF-8' encoding to copy filtered resources.
2023-02-21 10:56:12,429 [Worker-9: Building] INFO  o.e.m.c.i.embedder.EclipseLogger - skip non existing resourceDirectory D:\Spring Tutorial\Spring JDBC\springjdbc\src\main\resources
2023-02-21 10:56:12,432 [Worker-9: Building] INFO  o.e.m.c.i.embedder.EclipseLogger - Using 'UTF-8' encoding to copy filtered resources.
2023-02-21 10:56:12,432 [Worker-9: Building] INFO  o.e.m.c.i.embedder.EclipseLogger - skip non existing resourceDirectory D:\Spring Tutorial\Spring JDBC\springjdbc\src\test\resources
2023-02-21 10:56:13,833 [Worker-13: Building] INFO  o.e.m.c.i.embedder.EclipseLogger - Using 'UTF-8' encoding to copy filtered resources.
2023-02-21 10:56:13,833 [Worker-13: Building] INFO  o.e.m.c.i.embedder.EclipseLogger - skip non existing resourceDirectory D:\Spring Tutorial\Spring JDBC\springjdbc\src\main\resources
2023-02-21 10:56:13,837 [Worker-13: Building] INFO  o.e.m.c.i.embedder.EclipseLogger - Using 'UTF-8' encoding to copy filtered resources.
2023-02-21 10:56:13,837 [Worker-13: Building] INFO  o.e.m.c.i.embedder.EclipseLogger - skip non existing resourceDirectory D:\Spring Tutorial\Spring JDBC\springjdbc\src\test\resources
2023-02-21 10:56:25,822 [Worker-10: Updating Maven Project] INFO  o.e.m.c.i.p.ProjectConfigurationManager - Update started
2023-02-21 10:56:26,450 [Worker-10: Updating Maven Project] INFO  o.e.m.c.i.l.LifecycleMappingFactory - Using org.eclipse.m2e.jdt.JarLifecycleMapping lifecycle mapping for MavenProject: com.spring.jdbc:springjdbc:0.0.1-SNAPSHOT @ D:\Spring Tutorial\Spring JDBC\springjdbc\pom.xml.
2023-02-21 10:56:26,802 [Worker-10: Updating Maven Project] INFO  o.e.m.j.i.AbstractJavaProjectConfigurator - Adding source folder /springjdbc/src/main/java
2023-02-21 10:56:26,803 [Worker-10: Updating Maven Project] INFO  o.e.m.j.i.AbstractJavaProjectConfigurator - Adding source folder /springjdbc/src/test/java
2023-02-21 10:56:27,140 [Worker-10: Updating Maven Project] INFO  o.e.m.c.i.p.ProjectConfigurationManager - Update completed for 1 poms: local refresh takes 0.00 sec, refresh facades takes 0.00 sec, update config takes 0.00 sec 
2023-02-21 10:56:27,413 [Worker-13: Building] INFO  o.e.m.c.i.embedder.EclipseLogger - Using 'UTF-8' encoding to copy filtered resources.
2023-02-21 10:56:27,413 [Worker-13: Building] INFO  o.e.m.c.i.embedder.EclipseLogger - skip non existing resourceDirectory D:\Spring Tutorial\Spring JDBC\springjdbc\src\main\resources
2023-02-21 10:56:27,418 [Worker-13: Building] INFO  o.e.m.c.i.embedder.EclipseLogger - Using 'UTF-8' encoding to copy filtered resources.
2023-02-21 10:56:27,418 [Worker-13: Building] INFO  o.e.m.c.i.embedder.EclipseLogger - skip non existing resourceDirectory D:\Spring Tutorial\Spring JDBC\springjdbc\src\test\resources
2023-02-21 10:56:54,345 [Worker-10: Updating Maven Project] INFO  o.e.m.c.i.p.ProjectConfigurationManager - Update started
2023-02-21 10:56:54,856 [Worker-10: Updating Maven Project] INFO  o.e.m.c.i.l.LifecycleMappingFactory - Using org.eclipse.m2e.jdt.JarLifecycleMapping lifecycle mapping for MavenProject: com.spring.jdbc:springjdbc:0.0.1-SNAPSHOT @ D:\Spring Tutorial\Spring JDBC\springjdbc\pom.xml.
2023-02-21 10:56:55,068 [Worker-10: Updating Maven Project] INFO  o.e.m.j.i.AbstractJavaProjectConfigurator - Adding source folder /springjdbc/src/main/java
2023-02-21 10:56:55,070 [Worker-10: Updating Maven Project] INFO  o.e.m.j.i.AbstractJavaProjectConfigurator - Adding source folder /springjdbc/src/test/java
2023-02-21 10:56:55,253 [Worker-10: Updating Maven Project] INFO  o.e.m.c.i.p.ProjectConfigurationManager - Update completed for 1 poms: local refresh takes 0.00 sec, refresh facades takes 0.00 sec, update config takes 0.00 sec 
2023-02-21 10:56:55,444 [Worker-0: Building] INFO  o.e.m.c.i.embedder.EclipseLogger - Using 'UTF-8' encoding to copy filtered resources.
2023-02-21 10:56:55,444 [Worker-0: Building] INFO  o.e.m.c.i.embedder.EclipseLogger - skip non existing resourceDirectory D:\Spring Tutorial\Spring JDBC\springjdbc\src\main\resources
2023-02-21 10:56:55,449 [Worker-0: Building] INFO  o.e.m.c.i.embedder.EclipseLogger - Using 'UTF-8' encoding to copy filtered resources.
2023-02-21 10:56:55,450 [Worker-0: Building] INFO  o.e.m.c.i.embedder.EclipseLogger - skip non existing resourceDirectory D:\Spring Tutorial\Spring JDBC\springjdbc\src\test\resources
2023-02-21 10:57:57,226 [Worker-13: Building] INFO  o.e.m.c.i.l.LifecycleMappingFactory - Using org.eclipse.m2e.jdt.JarLifecycleMapping lifecycle mapping for MavenProject: com.spring.jdbc:springjdbc:0.0.1-SNAPSHOT @ D:\Spring Tutorial\Spring JDBC\springjdbc\pom.xml.
2023-02-21 10:57:57,509 [Worker-13: Building] INFO  o.e.m.c.i.embedder.EclipseLogger - Using 'UTF-8' encoding to copy filtered resources.
2023-02-21 10:57:57,509 [Worker-13: Building] INFO  o.e.m.c.i.embedder.EclipseLogger - skip non existing resourceDirectory D:\Spring Tutorial\Spring JDBC\springjdbc\src\main\resources
2023-02-21 10:57:57,512 [Worker-13: Building] INFO  o.e.m.c.i.embedder.EclipseLogger - Using 'UTF-8' encoding to copy filtered resources.
2023-02-21 10:57:57,512 [Worker-13: Building] INFO  o.e.m.c.i.embedder.EclipseLogger - skip non existing resourceDirectory D:\Spring Tutorial\Spring JDBC\springjdbc\src\test\resources
2023-02-21 10:57:58,486 [Worker-0: Download sources and javadoc] INFO  o.e.m.c.i.e.AbstractTransferListenerAdapter - Downloading https://repo.maven.apache.org/maven2/org/springframework/spring-jdbc/5.3.24/spring-jdbc-5.3.24-sources.jar
2023-02-21 10:57:58,810 [Worker-0: Download sources and javadoc] INFO  o.e.m.c.i.e.AbstractTransferListenerAdapter - Downloaded https://repo.maven.apache.org/maven2/org/springframework/spring-jdbc/5.3.24/spring-jdbc-5.3.24-sources.jar
2023-02-21 10:57:58,827 [Worker-0: Download sources and javadoc] INFO  o.e.m.j.internal.DownloadSourcesJob - Downloaded sources for org.springframework:spring-jdbc:5.3.24
2023-02-21 10:57:58,895 [Worker-0: Download sources and javadoc] INFO  o.e.m.c.i.e.AbstractTransferListenerAdapter - Downloading https://repo.maven.apache.org/maven2/org/springframework/spring-tx/5.3.24/spring-tx-5.3.24-sources.jar
2023-02-21 10:57:59,481 [Worker-13: Building] INFO  o.e.m.c.i.l.LifecycleMappingFactory - Using org.eclipse.m2e.jdt.JarLifecycleMapping lifecycle mapping for MavenProject: com.spring.jdbc:springjdbc:0.0.1-SNAPSHOT @ D:\Spring Tutorial\Spring JDBC\springjdbc\pom.xml.
2023-02-21 10:57:59,821 [Worker-13: Building] INFO  o.e.m.c.i.embedder.EclipseLogger - Using 'UTF-8' encoding to copy filtered resources.
2023-02-21 10:57:59,821 [Worker-13: Building] INFO  o.e.m.c.i.embedder.EclipseLogger - skip non existing resourceDirectory D:\Spring Tutorial\Spring JDBC\springjdbc\src\main\resources
2023-02-21 10:57:59,824 [Worker-13: Building] INFO  o.e.m.c.i.embedder.EclipseLogger - Using 'UTF-8' encoding to copy filtered resources.
2023-02-21 10:57:59,824 [Worker-13: Building] INFO  o.e.m.c.i.embedder.EclipseLogger - skip non existing resourceDirectory D:\Spring Tutorial\Spring JDBC\springjdbc\src\test\resources
2023-02-21 10:57:59,915 [Worker-0: Download sources and javadoc] INFO  o.e.m.c.i.e.AbstractTransferListenerAdapter - Downloaded https://repo.maven.apache.org/maven2/org/springframework/spring-tx/5.3.24/spring-tx-5.3.24-sources.jar
2023-02-21 10:57:59,943 [Worker-0: Download sources and javadoc] INFO  o.e.m.j.internal.DownloadSourcesJob - Downloaded sources for org.springframework:spring-tx:5.3.24
2023-02-21 10:58:00,893 [Worker-0: Building] INFO  o.e.m.c.i.embedder.EclipseLogger - Using 'UTF-8' encoding to copy filtered resources.
2023-02-21 10:58:00,893 [Worker-0: Building] INFO  o.e.m.c.i.embedder.EclipseLogger - skip non existing resourceDirectory D:\Spring Tutorial\Spring JDBC\springjdbc\src\main\resources
2023-02-21 10:58:00,895 [Worker-0: Building] INFO  o.e.m.c.i.embedder.EclipseLogger - Using 'UTF-8' encoding to copy filtered resources.
2023-02-21 10:58:00,895 [Worker-0: Building] INFO  o.e.m.c.i.embedder.EclipseLogger - skip non existing resourceDirectory D:\Spring Tutorial\Spring JDBC\springjdbc\src\test\resources
2023-02-21 11:08:14,651 [Worker-1: Building] INFO  o.e.m.c.i.l.LifecycleMappingFactory - Using org.eclipse.m2e.jdt.JarLifecycleMapping lifecycle mapping for MavenProject: com.spring.jdbc:springjdbc:0.0.1-SNAPSHOT @ D:\Spring Tutorial\Spring JDBC\springjdbc\pom.xml.
2023-02-21 11:08:14,996 [Worker-1: Building] INFO  o.e.m.c.i.embedder.EclipseLogger - Using 'UTF-8' encoding to copy filtered resources.
2023-02-21 11:08:14,996 [Worker-1: Building] INFO  o.e.m.c.i.embedder.EclipseLogger - skip non existing resourceDirectory D:\Spring Tutorial\Spring JDBC\springjdbc\src\main\resources
2023-02-21 11:08:14,999 [Worker-1: Building] INFO  o.e.m.c.i.embedder.EclipseLogger - Using 'UTF-8' encoding to copy filtered resources.
2023-02-21 11:08:14,999 [Worker-1: Building] INFO  o.e.m.c.i.embedder.EclipseLogger - skip non existing resourceDirectory D:\Spring Tutorial\Spring JDBC\springjdbc\src\test\resources
2023-02-21 11:08:15,865 [Worker-1: Download sources and javadoc] INFO  o.e.m.c.i.e.AbstractTransferListenerAdapter - Downloading https://repo.maven.apache.org/maven2/com/mysql/mysql-connector-j/8.0.32/mysql-connector-j-8.0.32-sources.jar
2023-02-21 11:08:16,014 [Worker-1: Download sources and javadoc] INFO  o.e.m.c.i.e.AbstractTransferListenerAdapter - Downloaded https://repo.maven.apache.org/maven2/com/mysql/mysql-connector-j/8.0.32/mysql-connector-j-8.0.32-sources.jar
2023-02-21 11:08:16,026 [Worker-1: Download sources and javadoc] INFO  o.e.m.j.internal.DownloadSourcesJob - Downloaded sources for com.mysql:mysql-connector-j:8.0.32
2023-02-21 11:08:16,110 [Worker-1: Download sources and javadoc] INFO  o.e.m.c.i.e.AbstractTransferListenerAdapter - Downloading https://repo.maven.apache.org/maven2/com/google/protobuf/protobuf-java/3.21.9/protobuf-java-3.21.9-sources.jar
2023-02-21 11:08:16,315 [Worker-1: Download sources and javadoc] INFO  o.e.m.c.i.e.AbstractTransferListenerAdapter - Downloaded https://repo.maven.apache.org/maven2/com/google/protobuf/protobuf-java/3.21.9/protobuf-java-3.21.9-sources.jar
2023-02-21 11:08:16,525 [Worker-1: Download sources and javadoc] INFO  o.e.m.j.internal.DownloadSourcesJob - Downloaded sources for com.google.protobuf:protobuf-java:3.21.9
2023-02-21 11:08:17,061 [Worker-1: Building] INFO  o.e.m.c.i.embedder.EclipseLogger - Using 'UTF-8' encoding to copy filtered resources.
2023-02-21 11:08:17,061 [Worker-1: Building] INFO  o.e.m.c.i.embedder.EclipseLogger - skip non existing resourceDirectory D:\Spring Tutorial\Spring JDBC\springjdbc\src\main\resources
2023-02-21 11:08:17,066 [Worker-1: Building] INFO  o.e.m.c.i.embedder.EclipseLogger - Using 'UTF-8' encoding to copy filtered resources.
2023-02-21 11:08:17,067 [Worker-1: Building] INFO  o.e.m.c.i.embedder.EclipseLogger - skip non existing resourceDirectory D:\Spring Tutorial\Spring JDBC\springjdbc\src\test\resources
2023-02-21 11:10:02,597 [Worker-10: Updating Maven Project] INFO  o.e.m.c.i.p.ProjectConfigurationManager - Update started
2023-02-21 11:10:02,923 [Worker-10: Updating Maven Project] INFO  o.e.m.c.i.l.LifecycleMappingFactory - Using org.eclipse.m2e.jdt.JarLifecycleMapping lifecycle mapping for MavenProject: com.spring.jdbc:springjdbc:0.0.1-SNAPSHOT @ D:\Spring Tutorial\Spring JDBC\springjdbc\pom.xml.
2023-02-21 11:10:03,086 [Worker-10: Updating Maven Project] INFO  o.e.m.j.i.AbstractJavaProjectConfigurator - Adding source folder /springjdbc/src/main/java
2023-02-21 11:10:03,087 [Worker-10: Updating Maven Project] INFO  o.e.m.j.i.AbstractJavaProjectConfigurator - Adding source folder /springjdbc/src/test/java
2023-02-21 11:10:03,259 [Worker-10: Updating Maven Project] INFO  o.e.m.c.i.p.ProjectConfigurationManager - Update completed for 1 poms: local refresh takes 0.00 sec, refresh facades takes 0.00 sec, update config takes 0.00 sec 
2023-02-21 11:10:03,420 [Worker-10: Building] INFO  o.e.m.c.i.embedder.EclipseLogger - Using 'UTF-8' encoding to copy filtered resources.
2023-02-21 11:10:03,420 [Worker-10: Building] INFO  o.e.m.c.i.embedder.EclipseLogger - skip non existing resourceDirectory D:\Spring Tutorial\Spring JDBC\springjdbc\src\main\resources
2023-02-21 11:10:03,422 [Worker-10: Building] INFO  o.e.m.c.i.embedder.EclipseLogger - Using 'UTF-8' encoding to copy filtered resources.
2023-02-21 11:10:03,423 [Worker-10: Building] INFO  o.e.m.c.i.embedder.EclipseLogger - skip non existing resourceDirectory D:\Spring Tutorial\Spring JDBC\springjdbc\src\test\resources
2023-02-21 11:11:57,191 [Worker-1: Building] INFO  o.e.m.c.i.embedder.EclipseLogger - Using 'UTF-8' encoding to copy filtered resources.
2023-02-21 11:11:57,191 [Worker-1: Building] INFO  o.e.m.c.i.embedder.EclipseLogger - skip non existing resourceDirectory D:\Spring Tutorial\Spring JDBC\springjdbc\src\main\resources
2023-02-21 11:11:57,192 [Worker-1: Building] INFO  o.e.m.c.i.embedder.EclipseLogger - Using 'UTF-8' encoding to copy filtered resources.
2023-02-21 11:11:57,192 [Worker-1: Building] INFO  o.e.m.c.i.embedder.EclipseLogger - skip non existing resourceDirectory D:\Spring Tutorial\Spring JDBC\springjdbc\src\test\resources
2023-02-21 11:27:24,145 [Worker-10: Updating Maven Project] INFO  o.e.m.c.i.p.ProjectConfigurationManager - Update started
2023-02-21 11:27:24,533 [Worker-10: Updating Maven Project] INFO  o.e.m.c.i.l.LifecycleMappingFactory - Using org.eclipse.m2e.jdt.JarLifecycleMapping lifecycle mapping for MavenProject: com.spring.jdbc:springjdbc:0.0.1-SNAPSHOT @ D:\Spring Tutorial\Spring JDBC\springjdbc\pom.xml.
2023-02-21 11:27:24,729 [Worker-10: Updating Maven Project] INFO  o.e.m.j.i.AbstractJavaProjectConfigurator - Adding source folder /springjdbc/src/main/java
2023-02-21 11:27:24,730 [Worker-10: Updating Maven Project] INFO  o.e.m.j.i.AbstractJavaProjectConfigurator - Adding source folder /springjdbc/src/test/java
2023-02-21 11:27:24,938 [Worker-10: Updating Maven Project] INFO  o.e.m.c.i.p.ProjectConfigurationManager - Update completed for 1 poms: local refresh takes 0.00 sec, refresh facades takes 0.00 sec, update config takes 0.00 sec 
2023-02-21 11:27:25,180 [Worker-20: Building] INFO  o.e.m.c.i.embedder.EclipseLogger - Using 'UTF-8' encoding to copy filtered resources.
2023-02-21 11:27:25,180 [Worker-20: Building] INFO  o.e.m.c.i.embedder.EclipseLogger - skip non existing resourceDirectory D:\Spring Tutorial\Spring JDBC\springjdbc\src\main\resources
2023-02-21 11:27:25,187 [Worker-20: Building] INFO  o.e.m.c.i.embedder.EclipseLogger - Using 'UTF-8' encoding to copy filtered resources.
2023-02-21 11:27:25,188 [Worker-20: Building] INFO  o.e.m.c.i.embedder.EclipseLogger - skip non existing resourceDirectory D:\Spring Tutorial\Spring JDBC\springjdbc\src\test\resources
2023-02-21 12:03:29,705 [Worker-10: Updating Maven Project] INFO  o.e.m.c.i.p.ProjectConfigurationManager - Update started
2023-02-21 12:03:31,488 [Worker-10: Updating Maven Project] INFO  o.e.m.c.i.l.LifecycleMappingFactory - Using org.eclipse.m2e.jdt.JarLifecycleMapping lifecycle mapping for MavenProject: com.spring.jdbc:springjdbc:0.0.1-SNAPSHOT @ D:\Spring Tutorial\Spring JDBC\springjdbc\pom.xml.
2023-02-21 12:03:32,390 [Worker-10: Updating Maven Project] INFO  o.e.m.j.i.AbstractJavaProjectConfigurator - Adding source folder /springjdbc/src/main/java
2023-02-21 12:03:32,390 [Worker-10: Updating Maven Project] INFO  o.e.m.j.i.AbstractJavaProjectConfigurator - Adding source folder /springjdbc/src/test/java
2023-02-21 12:03:32,540 [Worker-10: Updating Maven Project] INFO  o.e.m.c.i.p.ProjectConfigurationManager - Update completed for 1 poms: local refresh takes 0.00 sec, refresh facades takes 2.00 sec, update config takes 0.00 sec 
2023-02-21 12:03:32,730 [Worker-22: Building] INFO  o.e.m.c.i.embedder.EclipseLogger - Using 'UTF-8' encoding to copy filtered resources.
2023-02-21 12:03:32,731 [Worker-22: Building] INFO  o.e.m.c.i.embedder.EclipseLogger - skip non existing resourceDirectory D:\Spring Tutorial\Spring JDBC\springjdbc\src\main\resources
2023-02-21 12:03:32,733 [Worker-22: Building] INFO  o.e.m.c.i.embedder.EclipseLogger - Using 'UTF-8' encoding to copy filtered resources.
2023-02-21 12:03:32,733 [Worker-22: Building] INFO  o.e.m.c.i.embedder.EclipseLogger - skip non existing resourceDirectory D:\Spring Tutorial\Spring JDBC\springjdbc\src\test\resources
2023-02-21 12:08:12,016 [Worker-19: Building] INFO  o.e.m.c.i.embedder.EclipseLogger - Using 'UTF-8' encoding to copy filtered resources.
2023-02-21 12:08:12,017 [Worker-19: Building] INFO  o.e.m.c.i.embedder.EclipseLogger - skip non existing resourceDirectory D:\Spring Tutorial\Spring JDBC\springjdbc\src\main\resources
2023-02-21 12:08:12,018 [Worker-19: Building] INFO  o.e.m.c.i.embedder.EclipseLogger - Using 'UTF-8' encoding to copy filtered resources.
2023-02-21 12:08:12,018 [Worker-19: Building] INFO  o.e.m.c.i.embedder.EclipseLogger - skip non existing resourceDirectory D:\Spring Tutorial\Spring JDBC\springjdbc\src\test\resources
2023-02-21 12:08:14,611 [Worker-25: Building] INFO  o.e.m.c.i.embedder.EclipseLogger - Using 'UTF-8' encoding to copy filtered resources.
2023-02-21 12:08:14,612 [Worker-25: Building] INFO  o.e.m.c.i.embedder.EclipseLogger - skip non existing resourceDirectory D:\Spring Tutorial\Spring JDBC\springjdbc\src\main\resources
2023-02-21 12:08:14,617 [Worker-25: Building] INFO  o.e.m.c.i.embedder.EclipseLogger - Using 'UTF-8' encoding to copy filtered resources.
2023-02-21 12:08:14,618 [Worker-25: Building] INFO  o.e.m.c.i.embedder.EclipseLogger - skip non existing resourceDirectory D:\Spring Tutorial\Spring JDBC\springjdbc\src\test\resources
2023-02-21 12:08:18,663 [Worker-27: Building] INFO  o.e.m.c.i.embedder.EclipseLogger - Using 'UTF-8' encoding to copy filtered resources.
2023-02-21 12:08:18,663 [Worker-27: Building] INFO  o.e.m.c.i.embedder.EclipseLogger - skip non existing resourceDirectory D:\Spring Tutorial\Spring JDBC\springjdbc\src\main\resources
2023-02-21 12:08:18,666 [Worker-27: Building] INFO  o.e.m.c.i.embedder.EclipseLogger - Using 'UTF-8' encoding to copy filtered resources.
2023-02-21 12:08:18,667 [Worker-27: Building] INFO  o.e.m.c.i.embedder.EclipseLogger - skip non existing resourceDirectory D:\Spring Tutorial\Spring JDBC\springjdbc\src\test\resources
2023-02-21 12:15:23,777 [Worker-28: Building] INFO  o.e.m.c.i.embedder.EclipseLogger - Using 'UTF-8' encoding to copy filtered resources.
2023-02-21 12:15:23,777 [Worker-28: Building] INFO  o.e.m.c.i.embedder.EclipseLogger - skip non existing resourceDirectory D:\Spring Tutorial\Spring JDBC\springjdbc\src\main\resources
2023-02-21 12:15:23,783 [Worker-28: Building] INFO  o.e.m.c.i.embedder.EclipseLogger - Using 'UTF-8' encoding to copy filtered resources.
2023-02-21 12:15:23,783 [Worker-28: Building] INFO  o.e.m.c.i.embedder.EclipseLogger - skip non existing resourceDirectory D:\Spring Tutorial\Spring JDBC\springjdbc\src\test\resources
2023-02-21 12:17:06,333 [Worker-28: Building] INFO  o.e.m.c.i.embedder.EclipseLogger - Using 'UTF-8' encoding to copy filtered resources.
2023-02-21 12:17:06,334 [Worker-28: Building] INFO  o.e.m.c.i.embedder.EclipseLogger - skip non existing resourceDirectory D:\Spring Tutorial\Spring JDBC\springjdbc\src\main\resources
2023-02-21 12:17:06,336 [Worker-28: Building] INFO  o.e.m.c.i.embedder.EclipseLogger - Using 'UTF-8' encoding to copy filtered resources.
2023-02-21 12:17:06,336 [Worker-28: Building] INFO  o.e.m.c.i.embedder.EclipseLogger - skip non existing resourceDirectory D:\Spring Tutorial\Spring JDBC\springjdbc\src\test\resources
2023-02-21 12:28:03,414 [Worker-7: Loading available Gradle versions] INFO  o.e.b.c.i.u.g.PublishedGradleVersions - Gradle version information cache is up-to-date. Trying to read.
2023-02-21 12:28:13,047 [Worker-4: Building] INFO  o.e.m.c.i.embedder.EclipseLogger - Using 'UTF-8' encoding to copy filtered resources.
2023-02-21 12:28:13,047 [Worker-4: Building] INFO  o.e.m.c.i.embedder.EclipseLogger - skip non existing resourceDirectory D:\Spring Tutorial\Spring JDBC\springjdbc\src\main\resources
2023-02-21 12:28:13,057 [Worker-4: Building] INFO  o.e.m.c.i.embedder.EclipseLogger - Using 'UTF-8' encoding to copy filtered resources.
2023-02-21 12:28:13,057 [Worker-4: Building] INFO  o.e.m.c.i.embedder.EclipseLogger - skip non existing resourceDirectory D:\Spring Tutorial\Spring JDBC\springjdbc\src\test\resources
2023-02-21 12:30:40,958 [Worker-2: Building] INFO  o.e.m.c.i.embedder.EclipseLogger - Using 'UTF-8' encoding to copy filtered resources.
2023-02-21 12:30:40,970 [Worker-2: Building] INFO  o.e.m.c.i.embedder.EclipseLogger - skip non existing resourceDirectory D:\Spring Tutorial\Spring JDBC\springjdbc\src\main\resources
2023-02-21 12:30:40,973 [Worker-2: Building] INFO  o.e.m.c.i.embedder.EclipseLogger - Using 'UTF-8' encoding to copy filtered resources.
2023-02-21 12:30:40,974 [Worker-2: Building] INFO  o.e.m.c.i.embedder.EclipseLogger - skip non existing resourceDirectory D:\Spring Tutorial\Spring JDBC\springjdbc\src\test\resources
2023-02-21 12:31:34,817 [Worker-11: Building] INFO  o.e.m.c.i.embedder.EclipseLogger - Using 'UTF-8' encoding to copy filtered resources.
2023-02-21 12:31:34,818 [Worker-11: Building] INFO  o.e.m.c.i.embedder.EclipseLogger - skip non existing resourceDirectory D:\Spring Tutorial\Spring JDBC\springjdbc\src\main\resources
2023-02-21 12:31:34,824 [Worker-11: Building] INFO  o.e.m.c.i.embedder.EclipseLogger - Using 'UTF-8' encoding to copy filtered resources.
2023-02-21 12:31:34,825 [Worker-11: Building] INFO  o.e.m.c.i.embedder.EclipseLogger - skip non existing resourceDirectory D:\Spring Tutorial\Spring JDBC\springjdbc\src\test\resources
2023-02-21 12:34:01,413 [Worker-5: Building] INFO  o.e.m.c.i.embedder.EclipseLogger - Using 'UTF-8' encoding to copy filtered resources.
2023-02-21 12:34:01,414 [Worker-5: Building] INFO  o.e.m.c.i.embedder.EclipseLogger - skip non existing resourceDirectory D:\Spring Tutorial\Spring JDBC\springjdbc\src\main\resources
2023-02-21 12:34:01,418 [Worker-5: Building] INFO  o.e.m.c.i.embedder.EclipseLogger - Using 'UTF-8' encoding to copy filtered resources.
2023-02-21 12:34:01,419 [Worker-5: Building] INFO  o.e.m.c.i.embedder.EclipseLogger - skip non existing resourceDirectory D:\Spring Tutorial\Spring JDBC\springjdbc\src\test\resources
2023-02-21 12:36:36,952 [Worker-0: Building] INFO  o.e.m.c.i.embedder.EclipseLogger - Using 'UTF-8' encoding to copy filtered resources.
2023-02-21 12:36:36,952 [Worker-0: Building] INFO  o.e.m.c.i.embedder.EclipseLogger - skip non existing resourceDirectory D:\Spring Tutorial\Spring JDBC\springjdbc\src\main\resources
2023-02-21 12:36:36,957 [Worker-0: Building] INFO  o.e.m.c.i.embedder.EclipseLogger - Using 'UTF-8' encoding to copy filtered resources.
2023-02-21 12:36:36,957 [Worker-0: Building] INFO  o.e.m.c.i.embedder.EclipseLogger - skip non existing resourceDirectory D:\Spring Tutorial\Spring JDBC\springjdbc\src\test\resources
2023-02-21 13:42:59,376 [Worker-14: Building] INFO  o.e.m.c.i.embedder.EclipseLogger - Using 'UTF-8' encoding to copy filtered resources.
2023-02-21 13:42:59,376 [Worker-14: Building] INFO  o.e.m.c.i.embedder.EclipseLogger - skip non existing resourceDirectory D:\Spring Tutorial\Spring JDBC\springjdbc\src\main\resources
2023-02-21 13:42:59,378 [Worker-14: Building] INFO  o.e.m.c.i.embedder.EclipseLogger - Using 'UTF-8' encoding to copy filtered resources.
2023-02-21 13:42:59,378 [Worker-14: Building] INFO  o.e.m.c.i.embedder.EclipseLogger - skip non existing resourceDirectory D:\Spring Tutorial\Spring JDBC\springjdbc\src\test\resources
2023-02-21 13:46:36,768 [Worker-4: Building] INFO  o.e.m.c.i.embedder.EclipseLogger - Using 'UTF-8' encoding to copy filtered resources.
2023-02-21 13:46:36,768 [Worker-4: Building] INFO  o.e.m.c.i.embedder.EclipseLogger - skip non existing resourceDirectory D:\Spring Tutorial\Spring JDBC\springjdbc\src\main\resources
2023-02-21 13:46:36,770 [Worker-4: Building] INFO  o.e.m.c.i.embedder.EclipseLogger - Using 'UTF-8' encoding to copy filtered resources.
2023-02-21 13:46:36,770 [Worker-4: Building] INFO  o.e.m.c.i.embedder.EclipseLogger - skip non existing resourceDirectory D:\Spring Tutorial\Spring JDBC\springjdbc\src\test\resources
2023-02-21 13:48:16,294 [Worker-17: Building] INFO  o.e.m.c.i.embedder.EclipseLogger - Using 'UTF-8' encoding to copy filtered resources.
2023-02-21 13:48:16,294 [Worker-17: Building] INFO  o.e.m.c.i.embedder.EclipseLogger - skip non existing resourceDirectory D:\Spring Tutorial\Spring JDBC\springjdbc\src\main\resources
2023-02-21 13:48:16,296 [Worker-17: Building] INFO  o.e.m.c.i.embedder.EclipseLogger - Using 'UTF-8' encoding to copy filtered resources.
2023-02-21 13:48:16,296 [Worker-17: Building] INFO  o.e.m.c.i.embedder.EclipseLogger - skip non existing resourceDirectory D:\Spring Tutorial\Spring JDBC\springjdbc\src\test\resources
2023-02-21 13:48:52,665 [Worker-17: Building] INFO  o.e.m.c.i.embedder.EclipseLogger - Using 'UTF-8' encoding to copy filtered resources.
2023-02-21 13:48:52,665 [Worker-17: Building] INFO  o.e.m.c.i.embedder.EclipseLogger - skip non existing resourceDirectory D:\Spring Tutorial\Spring JDBC\springjdbc\src\main\resources
2023-02-21 13:48:52,666 [Worker-17: Building] INFO  o.e.m.c.i.embedder.EclipseLogger - Using 'UTF-8' encoding to copy filtered resources.
2023-02-21 13:48:52,667 [Worker-17: Building] INFO  o.e.m.c.i.embedder.EclipseLogger - skip non existing resourceDirectory D:\Spring Tutorial\Spring JDBC\springjdbc\src\test\resources
2023-02-21 13:49:48,466 [Worker-16: Building] INFO  o.e.m.c.i.embedder.EclipseLogger - Using 'UTF-8' encoding to copy filtered resources.
2023-02-21 13:49:48,466 [Worker-16: Building] INFO  o.e.m.c.i.embedder.EclipseLogger - skip non existing resourceDirectory D:\Spring Tutorial\Spring JDBC\springjdbc\src\main\resources
2023-02-21 13:49:48,470 [Worker-16: Building] INFO  o.e.m.c.i.embedder.EclipseLogger - Using 'UTF-8' encoding to copy filtered resources.
2023-02-21 13:49:48,470 [Worker-16: Building] INFO  o.e.m.c.i.embedder.EclipseLogger - skip non existing resourceDirectory D:\Spring Tutorial\Spring JDBC\springjdbc\src\test\resources
2023-02-21 13:56:24,441 [Worker-20: Building] INFO  o.e.m.c.i.embedder.EclipseLogger - Using 'UTF-8' encoding to copy filtered resources.
2023-02-21 13:56:24,441 [Worker-20: Building] INFO  o.e.m.c.i.embedder.EclipseLogger - skip non existing resourceDirectory D:\Spring Tutorial\Spring JDBC\springjdbc\src\main\resources
2023-02-21 13:56:24,444 [Worker-20: Building] INFO  o.e.m.c.i.embedder.EclipseLogger - Using 'UTF-8' encoding to copy filtered resources.
2023-02-21 13:56:24,444 [Worker-20: Building] INFO  o.e.m.c.i.embedder.EclipseLogger - skip non existing resourceDirectory D:\Spring Tutorial\Spring JDBC\springjdbc\src\test\resources
2023-02-21 13:56:38,457 [Worker-19: Building] INFO  o.e.m.c.i.embedder.EclipseLogger - Using 'UTF-8' encoding to copy filtered resources.
2023-02-21 13:56:38,458 [Worker-19: Building] INFO  o.e.m.c.i.embedder.EclipseLogger - skip non existing resourceDirectory D:\Spring Tutorial\Spring JDBC\springjdbc\src\main\resources
2023-02-21 13:56:38,459 [Worker-19: Building] INFO  o.e.m.c.i.embedder.EclipseLogger - Using 'UTF-8' encoding to copy filtered resources.
2023-02-21 13:56:38,460 [Worker-19: Building] INFO  o.e.m.c.i.embedder.EclipseLogger - skip non existing resourceDirectory D:\Spring Tutorial\Spring JDBC\springjdbc\src\test\resources
2023-02-21 13:57:39,363 [Worker-21: Building] INFO  o.e.m.c.i.embedder.EclipseLogger - Using 'UTF-8' encoding to copy filtered resources.
2023-02-21 13:57:39,364 [Worker-21: Building] INFO  o.e.m.c.i.embedder.EclipseLogger - skip non existing resourceDirectory D:\Spring Tutorial\Spring JDBC\springjdbc\src\main\resources
2023-02-21 13:57:39,367 [Worker-21: Building] INFO  o.e.m.c.i.embedder.EclipseLogger - Using 'UTF-8' encoding to copy filtered resources.
2023-02-21 13:57:39,367 [Worker-21: Building] INFO  o.e.m.c.i.embedder.EclipseLogger - skip non existing resourceDirectory D:\Spring Tutorial\Spring JDBC\springjdbc\src\test\resources
2023-02-21 13:59:17,306 [Worker-22: Building] INFO  o.e.m.c.i.embedder.EclipseLogger - Using 'UTF-8' encoding to copy filtered resources.
2023-02-21 13:59:17,306 [Worker-22: Building] INFO  o.e.m.c.i.embedder.EclipseLogger - skip non existing resourceDirectory D:\Spring Tutorial\Spring JDBC\springjdbc\src\main\resources
2023-02-21 13:59:17,308 [Worker-22: Building] INFO  o.e.m.c.i.embedder.EclipseLogger - Using 'UTF-8' encoding to copy filtered resources.
2023-02-21 13:59:17,309 [Worker-22: Building] INFO  o.e.m.c.i.embedder.EclipseLogger - skip non existing resourceDirectory D:\Spring Tutorial\Spring JDBC\springjdbc\src\test\resources
2023-02-21 14:00:32,543 [Worker-20: Building] INFO  o.e.m.c.i.embedder.EclipseLogger - Using 'UTF-8' encoding to copy filtered resources.
2023-02-21 14:00:32,543 [Worker-20: Building] INFO  o.e.m.c.i.embedder.EclipseLogger - skip non existing resourceDirectory D:\Spring Tutorial\Spring JDBC\springjdbc\src\main\resources
2023-02-21 14:00:32,544 [Worker-20: Building] INFO  o.e.m.c.i.embedder.EclipseLogger - Using 'UTF-8' encoding to copy filtered resources.
2023-02-21 14:00:32,544 [Worker-20: Building] INFO  o.e.m.c.i.embedder.EclipseLogger - skip non existing resourceDirectory D:\Spring Tutorial\Spring JDBC\springjdbc\src\test\resources
2023-02-21 14:02:07,286 [Worker-21: Building] INFO  o.e.m.c.i.embedder.EclipseLogger - Using 'UTF-8' encoding to copy filtered resources.
2023-02-21 14:02:07,286 [Worker-21: Building] INFO  o.e.m.c.i.embedder.EclipseLogger - skip non existing resourceDirectory D:\Spring Tutorial\Spring JDBC\springjdbc\src\main\resources
2023-02-21 14:02:07,289 [Worker-21: Building] INFO  o.e.m.c.i.embedder.EclipseLogger - Using 'UTF-8' encoding to copy filtered resources.
2023-02-21 14:02:07,290 [Worker-21: Building] INFO  o.e.m.c.i.embedder.EclipseLogger - skip non existing resourceDirectory D:\Spring Tutorial\Spring JDBC\springjdbc\src\test\resources
2023-02-21 14:03:18,019 [Worker-19: Building] INFO  o.e.m.c.i.embedder.EclipseLogger - Using 'UTF-8' encoding to copy filtered resources.
2023-02-21 14:03:18,020 [Worker-19: Building] INFO  o.e.m.c.i.embedder.EclipseLogger - skip non existing resourceDirectory D:\Spring Tutorial\Spring JDBC\springjdbc\src\main\resources
2023-02-21 14:03:18,022 [Worker-19: Building] INFO  o.e.m.c.i.embedder.EclipseLogger - Using 'UTF-8' encoding to copy filtered resources.
2023-02-21 14:03:18,022 [Worker-19: Building] INFO  o.e.m.c.i.embedder.EclipseLogger - skip non existing resourceDirectory D:\Spring Tutorial\Spring JDBC\springjdbc\src\test\resources
2023-02-21 14:05:05,790 [Worker-21: Building] INFO  o.e.m.c.i.embedder.EclipseLogger - Using 'UTF-8' encoding to copy filtered resources.
2023-02-21 14:05:05,790 [Worker-21: Building] INFO  o.e.m.c.i.embedder.EclipseLogger - skip non existing resourceDirectory D:\Spring Tutorial\Spring JDBC\springjdbc\src\main\resources
2023-02-21 14:05:05,792 [Worker-21: Building] INFO  o.e.m.c.i.embedder.EclipseLogger - Using 'UTF-8' encoding to copy filtered resources.
2023-02-21 14:05:05,792 [Worker-21: Building] INFO  o.e.m.c.i.embedder.EclipseLogger - skip non existing resourceDirectory D:\Spring Tutorial\Spring JDBC\springjdbc\src\test\resources
2023-02-21 14:05:55,420 [Worker-21: Building] INFO  o.e.m.c.i.embedder.EclipseLogger - Using 'UTF-8' encoding to copy filtered resources.
2023-02-21 14:05:55,420 [Worker-21: Building] INFO  o.e.m.c.i.embedder.EclipseLogger - skip non existing resourceDirectory D:\Spring Tutorial\Spring JDBC\springjdbc\src\main\resources
2023-02-21 14:05:55,422 [Worker-21: Building] INFO  o.e.m.c.i.embedder.EclipseLogger - Using 'UTF-8' encoding to copy filtered resources.
2023-02-21 14:05:55,423 [Worker-21: Building] INFO  o.e.m.c.i.embedder.EclipseLogger - skip non existing resourceDirectory D:\Spring Tutorial\Spring JDBC\springjdbc\src\test\resources
2023-02-21 14:06:35,916 [Worker-26: Building] INFO  o.e.m.c.i.embedder.EclipseLogger - Using 'UTF-8' encoding to copy filtered resources.
2023-02-21 14:06:35,916 [Worker-26: Building] INFO  o.e.m.c.i.embedder.EclipseLogger - skip non existing resourceDirectory D:\Spring Tutorial\Spring JDBC\springjdbc\src\main\resources
2023-02-21 14:06:35,918 [Worker-26: Building] INFO  o.e.m.c.i.embedder.EclipseLogger - Using 'UTF-8' encoding to copy filtered resources.
2023-02-21 14:06:35,918 [Worker-26: Building] INFO  o.e.m.c.i.embedder.EclipseLogger - skip non existing resourceDirectory D:\Spring Tutorial\Spring JDBC\springjdbc\src\test\resources
2023-02-21 14:21:16,537 [Worker-21: Building] INFO  o.e.m.c.i.embedder.EclipseLogger - Using 'UTF-8' encoding to copy filtered resources.
2023-02-21 14:21:16,537 [Worker-21: Building] INFO  o.e.m.c.i.embedder.EclipseLogger - skip non existing resourceDirectory D:\Spring Tutorial\Spring JDBC\springjdbc\src\main\resources
2023-02-21 14:21:16,541 [Worker-21: Building] INFO  o.e.m.c.i.embedder.EclipseLogger - Using 'UTF-8' encoding to copy filtered resources.
2023-02-21 14:21:16,541 [Worker-21: Building] INFO  o.e.m.c.i.embedder.EclipseLogger - skip non existing resourceDirectory D:\Spring Tutorial\Spring JDBC\springjdbc\src\test\resources
2023-02-21 14:21:58,736 [Worker-21: Building] INFO  o.e.m.c.i.embedder.EclipseLogger - Using 'UTF-8' encoding to copy filtered resources.
2023-02-21 14:21:58,737 [Worker-21: Building] INFO  o.e.m.c.i.embedder.EclipseLogger - skip non existing resourceDirectory D:\Spring Tutorial\Spring JDBC\springjdbc\src\main\resources
2023-02-21 14:21:58,740 [Worker-21: Building] INFO  o.e.m.c.i.embedder.EclipseLogger - Using 'UTF-8' encoding to copy filtered resources.
2023-02-21 14:21:58,740 [Worker-21: Building] INFO  o.e.m.c.i.embedder.EclipseLogger - skip non existing resourceDirectory D:\Spring Tutorial\Spring JDBC\springjdbc\src\test\resources
2023-02-21 14:22:45,358 [Worker-23: Building] INFO  o.e.m.c.i.embedder.EclipseLogger - Using 'UTF-8' encoding to copy filtered resources.
2023-02-21 14:22:45,358 [Worker-23: Building] INFO  o.e.m.c.i.embedder.EclipseLogger - skip non existing resourceDirectory D:\Spring Tutorial\Spring JDBC\springjdbc\src\main\resources
2023-02-21 14:22:45,360 [Worker-23: Building] INFO  o.e.m.c.i.embedder.EclipseLogger - Using 'UTF-8' encoding to copy filtered resources.
2023-02-21 14:22:45,360 [Worker-23: Building] INFO  o.e.m.c.i.embedder.EclipseLogger - skip non existing resourceDirectory D:\Spring Tutorial\Spring JDBC\springjdbc\src\test\resources
2023-02-21 14:23:06,969 [Worker-28: Building] INFO  o.e.m.c.i.embedder.EclipseLogger - Using 'UTF-8' encoding to copy filtered resources.
2023-02-21 14:23:06,969 [Worker-28: Building] INFO  o.e.m.c.i.embedder.EclipseLogger - skip non existing resourceDirectory D:\Spring Tutorial\Spring JDBC\springjdbc\src\main\resources
2023-02-21 14:23:06,972 [Worker-28: Building] INFO  o.e.m.c.i.embedder.EclipseLogger - Using 'UTF-8' encoding to copy filtered resources.
2023-02-21 14:23:06,972 [Worker-28: Building] INFO  o.e.m.c.i.embedder.EclipseLogger - skip non existing resourceDirectory D:\Spring Tutorial\Spring JDBC\springjdbc\src\test\resources
2023-02-21 14:23:46,664 [Worker-23: Building] INFO  o.e.m.c.i.embedder.EclipseLogger - Using 'UTF-8' encoding to copy filtered resources.
2023-02-21 14:23:46,665 [Worker-23: Building] INFO  o.e.m.c.i.embedder.EclipseLogger - skip non existing resourceDirectory D:\Spring Tutorial\Spring JDBC\springjdbc\src\main\resources
2023-02-21 14:23:46,670 [Worker-23: Building] INFO  o.e.m.c.i.embedder.EclipseLogger - Using 'UTF-8' encoding to copy filtered resources.
2023-02-21 14:23:46,670 [Worker-23: Building] INFO  o.e.m.c.i.embedder.EclipseLogger - skip non existing resourceDirectory D:\Spring Tutorial\Spring JDBC\springjdbc\src\test\resources
2023-02-21 14:24:10,824 [Worker-28: Building] INFO  o.e.m.c.i.embedder.EclipseLogger - Using 'UTF-8' encoding to copy filtered resources.
2023-02-21 14:24:10,825 [Worker-28: Building] INFO  o.e.m.c.i.embedder.EclipseLogger - skip non existing resourceDirectory D:\Spring Tutorial\Spring JDBC\springjdbc\src\main\resources
2023-02-21 14:24:10,826 [Worker-28: Building] INFO  o.e.m.c.i.embedder.EclipseLogger - Using 'UTF-8' encoding to copy filtered resources.
2023-02-21 14:24:10,826 [Worker-28: Building] INFO  o.e.m.c.i.embedder.EclipseLogger - skip non existing resourceDirectory D:\Spring Tutorial\Spring JDBC\springjdbc\src\test\resources
2023-02-21 14:26:36,686 [Worker-33: Building] INFO  o.e.m.c.i.embedder.EclipseLogger - Using 'UTF-8' encoding to copy filtered resources.
2023-02-21 14:26:36,686 [Worker-33: Building] INFO  o.e.m.c.i.embedder.EclipseLogger - skip non existing resourceDirectory D:\Spring Tutorial\Spring JDBC\springjdbc\src\main\resources
2023-02-21 14:26:36,689 [Worker-33: Building] INFO  o.e.m.c.i.embedder.EclipseLogger - Using 'UTF-8' encoding to copy filtered resources.
2023-02-21 14:26:36,689 [Worker-33: Building] INFO  o.e.m.c.i.embedder.EclipseLogger - skip non existing resourceDirectory D:\Spring Tutorial\Spring JDBC\springjdbc\src\test\resources
2023-02-21 14:27:15,062 [Worker-33: Building] INFO  o.e.m.c.i.embedder.EclipseLogger - Using 'UTF-8' encoding to copy filtered resources.
2023-02-21 14:27:15,062 [Worker-33: Building] INFO  o.e.m.c.i.embedder.EclipseLogger - skip non existing resourceDirectory D:\Spring Tutorial\Spring JDBC\springjdbc\src\main\resources
2023-02-21 14:27:15,063 [Worker-33: Building] INFO  o.e.m.c.i.embedder.EclipseLogger - Using 'UTF-8' encoding to copy filtered resources.
2023-02-21 14:27:15,063 [Worker-33: Building] INFO  o.e.m.c.i.embedder.EclipseLogger - skip non existing resourceDirectory D:\Spring Tutorial\Spring JDBC\springjdbc\src\test\resources
2023-02-21 14:27:36,773 [Worker-34: Building] INFO  o.e.m.c.i.embedder.EclipseLogger - Using 'UTF-8' encoding to copy filtered resources.
2023-02-21 14:27:36,774 [Worker-34: Building] INFO  o.e.m.c.i.embedder.EclipseLogger - skip non existing resourceDirectory D:\Spring Tutorial\Spring JDBC\springjdbc\src\main\resources
2023-02-21 14:27:36,778 [Worker-34: Building] INFO  o.e.m.c.i.embedder.EclipseLogger - Using 'UTF-8' encoding to copy filtered resources.
2023-02-21 14:27:36,778 [Worker-34: Building] INFO  o.e.m.c.i.embedder.EclipseLogger - skip non existing resourceDirectory D:\Spring Tutorial\Spring JDBC\springjdbc\src\test\resources
2023-02-21 14:32:59,237 [Worker-29: Building] INFO  o.e.m.c.i.embedder.EclipseLogger - Using 'UTF-8' encoding to copy filtered resources.
2023-02-21 14:32:59,237 [Worker-29: Building] INFO  o.e.m.c.i.embedder.EclipseLogger - skip non existing resourceDirectory D:\Spring Tutorial\Spring JDBC\springjdbc\src\main\resources
2023-02-21 14:32:59,238 [Worker-29: Building] INFO  o.e.m.c.i.embedder.EclipseLogger - Using 'UTF-8' encoding to copy filtered resources.
2023-02-21 14:32:59,238 [Worker-29: Building] INFO  o.e.m.c.i.embedder.EclipseLogger - skip non existing resourceDirectory D:\Spring Tutorial\Spring JDBC\springjdbc\src\test\resources
2023-02-21 14:36:00,558 [Worker-29: Building] INFO  o.e.m.c.i.embedder.EclipseLogger - Using 'UTF-8' encoding to copy filtered resources.
2023-02-21 14:36:00,558 [Worker-29: Building] INFO  o.e.m.c.i.embedder.EclipseLogger - skip non existing resourceDirectory D:\Spring Tutorial\Spring JDBC\springjdbc\src\main\resources
2023-02-21 14:36:00,560 [Worker-29: Building] INFO  o.e.m.c.i.embedder.EclipseLogger - Using 'UTF-8' encoding to copy filtered resources.
2023-02-21 14:36:00,560 [Worker-29: Building] INFO  o.e.m.c.i.embedder.EclipseLogger - skip non existing resourceDirectory D:\Spring Tutorial\Spring JDBC\springjdbc\src\test\resources
2023-02-21 14:36:11,594 [Worker-29: Building] INFO  o.e.m.c.i.embedder.EclipseLogger - Using 'UTF-8' encoding to copy filtered resources.
2023-02-21 14:36:11,594 [Worker-29: Building] INFO  o.e.m.c.i.embedder.EclipseLogger - skip non existing resourceDirectory D:\Spring Tutorial\Spring JDBC\springjdbc\src\main\resources
2023-02-21 14:36:11,597 [Worker-29: Building] INFO  o.e.m.c.i.embedder.EclipseLogger - Using 'UTF-8' encoding to copy filtered resources.
2023-02-21 14:36:11,597 [Worker-29: Building] INFO  o.e.m.c.i.embedder.EclipseLogger - skip non existing resourceDirectory D:\Spring Tutorial\Spring JDBC\springjdbc\src\test\resources
2023-02-21 14:36:17,852 [Worker-36: Building] INFO  o.e.m.c.i.embedder.EclipseLogger - Using 'UTF-8' encoding to copy filtered resources.
2023-02-21 14:36:17,852 [Worker-36: Building] INFO  o.e.m.c.i.embedder.EclipseLogger - skip non existing resourceDirectory D:\Spring Tutorial\Spring JDBC\springjdbc\src\main\resources
2023-02-21 14:36:17,854 [Worker-36: Building] INFO  o.e.m.c.i.embedder.EclipseLogger - Using 'UTF-8' encoding to copy filtered resources.
2023-02-21 14:36:17,854 [Worker-36: Building] INFO  o.e.m.c.i.embedder.EclipseLogger - skip non existing resourceDirectory D:\Spring Tutorial\Spring JDBC\springjdbc\src\test\resources
2023-02-21 14:37:56,139 [Worker-36: Building] INFO  o.e.m.c.i.embedder.EclipseLogger - Using 'UTF-8' encoding to copy filtered resources.
2023-02-21 14:37:56,139 [Worker-36: Building] INFO  o.e.m.c.i.embedder.EclipseLogger - skip non existing resourceDirectory D:\Spring Tutorial\Spring JDBC\springjdbc\src\main\resources
2023-02-21 14:37:56,140 [Worker-36: Building] INFO  o.e.m.c.i.embedder.EclipseLogger - Using 'UTF-8' encoding to copy filtered resources.
2023-02-21 14:37:56,141 [Worker-36: Building] INFO  o.e.m.c.i.embedder.EclipseLogger - skip non existing resourceDirectory D:\Spring Tutorial\Spring JDBC\springjdbc\src\test\resources
2023-02-21 14:38:00,420 [Worker-36: Building] INFO  o.e.m.c.i.embedder.EclipseLogger - Using 'UTF-8' encoding to copy filtered resources.
2023-02-21 14:38:00,420 [Worker-36: Building] INFO  o.e.m.c.i.embedder.EclipseLogger - skip non existing resourceDirectory D:\Spring Tutorial\Spring JDBC\springjdbc\src\main\resources
2023-02-21 14:38:00,422 [Worker-36: Building] INFO  o.e.m.c.i.embedder.EclipseLogger - Using 'UTF-8' encoding to copy filtered resources.
2023-02-21 14:38:00,422 [Worker-36: Building] INFO  o.e.m.c.i.embedder.EclipseLogger - skip non existing resourceDirectory D:\Spring Tutorial\Spring JDBC\springjdbc\src\test\resources
2023-02-21 14:38:43,410 [Worker-34: Building] INFO  o.e.m.c.i.embedder.EclipseLogger - Using 'UTF-8' encoding to copy filtered resources.
2023-02-21 14:38:43,410 [Worker-34: Building] INFO  o.e.m.c.i.embedder.EclipseLogger - skip non existing resourceDirectory D:\Spring Tutorial\Spring JDBC\springjdbc\src\main\resources
2023-02-21 14:38:43,411 [Worker-34: Building] INFO  o.e.m.c.i.embedder.EclipseLogger - Using 'UTF-8' encoding to copy filtered resources.
2023-02-21 14:38:43,411 [Worker-34: Building] INFO  o.e.m.c.i.embedder.EclipseLogger - skip non existing resourceDirectory D:\Spring Tutorial\Spring JDBC\springjdbc\src\test\resources
2023-02-21 14:38:50,583 [Worker-38: Building] INFO  o.e.m.c.i.embedder.EclipseLogger - Using 'UTF-8' encoding to copy filtered resources.
2023-02-21 14:38:50,583 [Worker-38: Building] INFO  o.e.m.c.i.embedder.EclipseLogger - skip non existing resourceDirectory D:\Spring Tutorial\Spring JDBC\springjdbc\src\main\resources
2023-02-21 14:38:50,584 [Worker-38: Building] INFO  o.e.m.c.i.embedder.EclipseLogger - Using 'UTF-8' encoding to copy filtered resources.
2023-02-21 14:38:50,584 [Worker-38: Building] INFO  o.e.m.c.i.embedder.EclipseLogger - skip non existing resourceDirectory D:\Spring Tutorial\Spring JDBC\springjdbc\src\test\resources
2023-02-21 14:39:34,557 [Worker-35: Building] INFO  o.e.m.c.i.embedder.EclipseLogger - Using 'UTF-8' encoding to copy filtered resources.
2023-02-21 14:39:34,557 [Worker-35: Building] INFO  o.e.m.c.i.embedder.EclipseLogger - skip non existing resourceDirectory D:\Spring Tutorial\Spring JDBC\springjdbc\src\main\resources
2023-02-21 14:39:34,560 [Worker-35: Building] INFO  o.e.m.c.i.embedder.EclipseLogger - Using 'UTF-8' encoding to copy filtered resources.
2023-02-21 14:39:34,560 [Worker-35: Building] INFO  o.e.m.c.i.embedder.EclipseLogger - skip non existing resourceDirectory D:\Spring Tutorial\Spring JDBC\springjdbc\src\test\resources
2023-02-21 14:41:19,914 [Worker-34: Building] INFO  o.e.m.c.i.embedder.EclipseLogger - Using 'UTF-8' encoding to copy filtered resources.
2023-02-21 14:41:19,915 [Worker-34: Building] INFO  o.e.m.c.i.embedder.EclipseLogger - skip non existing resourceDirectory D:\Spring Tutorial\Spring JDBC\springjdbc\src\main\resources
2023-02-21 14:41:19,917 [Worker-34: Building] INFO  o.e.m.c.i.embedder.EclipseLogger - Using 'UTF-8' encoding to copy filtered resources.
2023-02-21 14:41:19,917 [Worker-34: Building] INFO  o.e.m.c.i.embedder.EclipseLogger - skip non existing resourceDirectory D:\Spring Tutorial\Spring JDBC\springjdbc\src\test\resources
2023-02-21 14:43:04,259 [Worker-35: Building] INFO  o.e.m.c.i.embedder.EclipseLogger - Using 'UTF-8' encoding to copy filtered resources.
2023-02-21 14:43:04,259 [Worker-35: Building] INFO  o.e.m.c.i.embedder.EclipseLogger - skip non existing resourceDirectory D:\Spring Tutorial\Spring JDBC\springjdbc\src\main\resources
2023-02-21 14:43:04,261 [Worker-35: Building] INFO  o.e.m.c.i.embedder.EclipseLogger - Using 'UTF-8' encoding to copy filtered resources.
2023-02-21 14:43:04,261 [Worker-35: Building] INFO  o.e.m.c.i.embedder.EclipseLogger - skip non existing resourceDirectory D:\Spring Tutorial\Spring JDBC\springjdbc\src\test\resources
2023-02-21 14:43:53,953 [Worker-34: Building] INFO  o.e.m.c.i.embedder.EclipseLogger - Using 'UTF-8' encoding to copy filtered resources.
2023-02-21 14:43:53,953 [Worker-34: Building] INFO  o.e.m.c.i.embedder.EclipseLogger - skip non existing resourceDirectory D:\Spring Tutorial\Spring JDBC\springjdbc\src\main\resources
2023-02-21 14:43:53,954 [Worker-34: Building] INFO  o.e.m.c.i.embedder.EclipseLogger - Using 'UTF-8' encoding to copy filtered resources.
2023-02-21 14:43:53,954 [Worker-34: Building] INFO  o.e.m.c.i.embedder.EclipseLogger - skip non existing resourceDirectory D:\Spring Tutorial\Spring JDBC\springjdbc\src\test\resources
2023-02-21 14:44:11,551 [Worker-29: Building] INFO  o.e.m.c.i.embedder.EclipseLogger - Using 'UTF-8' encoding to copy filtered resources.
2023-02-21 14:44:11,551 [Worker-29: Building] INFO  o.e.m.c.i.embedder.EclipseLogger - skip non existing resourceDirectory D:\Spring Tutorial\Spring JDBC\springjdbc\src\main\resources
2023-02-21 14:44:11,553 [Worker-29: Building] INFO  o.e.m.c.i.embedder.EclipseLogger - Using 'UTF-8' encoding to copy filtered resources.
2023-02-21 14:44:11,553 [Worker-29: Building] INFO  o.e.m.c.i.embedder.EclipseLogger - skip non existing resourceDirectory D:\Spring Tutorial\Spring JDBC\springjdbc\src\test\resources
2023-02-21 15:14:59,318 [Worker-42: Building] INFO  o.e.m.c.i.embedder.EclipseLogger - Using 'UTF-8' encoding to copy filtered resources.
2023-02-21 15:14:59,318 [Worker-42: Building] INFO  o.e.m.c.i.embedder.EclipseLogger - skip non existing resourceDirectory D:\Spring Tutorial\Spring JDBC\springjdbc\src\main\resources
2023-02-21 15:14:59,321 [Worker-42: Building] INFO  o.e.m.c.i.embedder.EclipseLogger - Using 'UTF-8' encoding to copy filtered resources.
2023-02-21 15:14:59,321 [Worker-42: Building] INFO  o.e.m.c.i.embedder.EclipseLogger - skip non existing resourceDirectory D:\Spring Tutorial\Spring JDBC\springjdbc\src\test\resources
2023-02-21 15:15:41,335 [Worker-40: Building] INFO  o.e.m.c.i.embedder.EclipseLogger - Using 'UTF-8' encoding to copy filtered resources.
2023-02-21 15:15:41,336 [Worker-40: Building] INFO  o.e.m.c.i.embedder.EclipseLogger - skip non existing resourceDirectory D:\Spring Tutorial\Spring JDBC\springjdbc\src\main\resources
2023-02-21 15:15:41,337 [Worker-40: Building] INFO  o.e.m.c.i.embedder.EclipseLogger - Using 'UTF-8' encoding to copy filtered resources.
2023-02-21 15:15:41,337 [Worker-40: Building] INFO  o.e.m.c.i.embedder.EclipseLogger - skip non existing resourceDirectory D:\Spring Tutorial\Spring JDBC\springjdbc\src\test\resources
2023-02-21 15:17:46,497 [Worker-29: Building] INFO  o.e.m.c.i.embedder.EclipseLogger - Using 'UTF-8' encoding to copy filtered resources.
2023-02-21 15:17:46,498 [Worker-29: Building] INFO  o.e.m.c.i.embedder.EclipseLogger - skip non existing resourceDirectory D:\Spring Tutorial\Spring JDBC\springjdbc\src\main\resources
2023-02-21 15:17:46,499 [Worker-29: Building] INFO  o.e.m.c.i.embedder.EclipseLogger - Using 'UTF-8' encoding to copy filtered resources.
2023-02-21 15:17:46,499 [Worker-29: Building] INFO  o.e.m.c.i.embedder.EclipseLogger - skip non existing resourceDirectory D:\Spring Tutorial\Spring JDBC\springjdbc\src\test\resources
2023-02-21 15:17:53,444 [Worker-40: Building] INFO  o.e.m.c.i.embedder.EclipseLogger - Using 'UTF-8' encoding to copy filtered resources.
2023-02-21 15:17:53,445 [Worker-40: Building] INFO  o.e.m.c.i.embedder.EclipseLogger - skip non existing resourceDirectory D:\Spring Tutorial\Spring JDBC\springjdbc\src\main\resources
2023-02-21 15:17:53,446 [Worker-40: Building] INFO  o.e.m.c.i.embedder.EclipseLogger - Using 'UTF-8' encoding to copy filtered resources.
2023-02-21 15:17:53,446 [Worker-40: Building] INFO  o.e.m.c.i.embedder.EclipseLogger - skip non existing resourceDirectory D:\Spring Tutorial\Spring JDBC\springjdbc\src\test\resources
2023-02-21 15:18:04,100 [Worker-43: Building] INFO  o.e.m.c.i.embedder.EclipseLogger - Using 'UTF-8' encoding to copy filtered resources.
2023-02-21 15:18:04,100 [Worker-43: Building] INFO  o.e.m.c.i.embedder.EclipseLogger - skip non existing resourceDirectory D:\Spring Tutorial\Spring JDBC\springjdbc\src\main\resources
2023-02-21 15:18:04,102 [Worker-43: Building] INFO  o.e.m.c.i.embedder.EclipseLogger - Using 'UTF-8' encoding to copy filtered resources.
2023-02-21 15:18:04,102 [Worker-43: Building] INFO  o.e.m.c.i.embedder.EclipseLogger - skip non existing resourceDirectory D:\Spring Tutorial\Spring JDBC\springjdbc\src\test\resources
2023-02-21 15:19:35,516 [Worker-44: Building] INFO  o.e.m.c.i.embedder.EclipseLogger - Using 'UTF-8' encoding to copy filtered resources.
2023-02-21 15:19:35,516 [Worker-44: Building] INFO  o.e.m.c.i.embedder.EclipseLogger - skip non existing resourceDirectory D:\Spring Tutorial\Spring JDBC\springjdbc\src\main\resources
2023-02-21 15:19:35,518 [Worker-44: Building] INFO  o.e.m.c.i.embedder.EclipseLogger - Using 'UTF-8' encoding to copy filtered resources.
2023-02-21 15:19:35,518 [Worker-44: Building] INFO  o.e.m.c.i.embedder.EclipseLogger - skip non existing resourceDirectory D:\Spring Tutorial\Spring JDBC\springjdbc\src\test\resources
2023-02-21 15:19:38,500 [Worker-41: Building] INFO  o.e.m.c.i.embedder.EclipseLogger - Using 'UTF-8' encoding to copy filtered resources.
2023-02-21 15:19:38,500 [Worker-41: Building] INFO  o.e.m.c.i.embedder.EclipseLogger - skip non existing resourceDirectory D:\Spring Tutorial\Spring JDBC\springjdbc\src\main\resources
2023-02-21 15:19:38,501 [Worker-41: Building] INFO  o.e.m.c.i.embedder.EclipseLogger - Using 'UTF-8' encoding to copy filtered resources.
2023-02-21 15:19:38,501 [Worker-41: Building] INFO  o.e.m.c.i.embedder.EclipseLogger - skip non existing resourceDirectory D:\Spring Tutorial\Spring JDBC\springjdbc\src\test\resources
2023-02-21 15:20:12,515 [Worker-43: Building] INFO  o.e.m.c.i.embedder.EclipseLogger - Using 'UTF-8' encoding to copy filtered resources.
2023-02-21 15:20:12,515 [Worker-43: Building] INFO  o.e.m.c.i.embedder.EclipseLogger - skip non existing resourceDirectory D:\Spring Tutorial\Spring JDBC\springjdbc\src\main\resources
2023-02-21 15:20:12,516 [Worker-43: Building] INFO  o.e.m.c.i.embedder.EclipseLogger - Using 'UTF-8' encoding to copy filtered resources.
2023-02-21 15:20:12,516 [Worker-43: Building] INFO  o.e.m.c.i.embedder.EclipseLogger - skip non existing resourceDirectory D:\Spring Tutorial\Spring JDBC\springjdbc\src\test\resources
2023-02-21 15:22:33,612 [Worker-45: Building] INFO  o.e.m.c.i.embedder.EclipseLogger - Using 'UTF-8' encoding to copy filtered resources.
2023-02-21 15:22:33,613 [Worker-45: Building] INFO  o.e.m.c.i.embedder.EclipseLogger - skip non existing resourceDirectory D:\Spring Tutorial\Spring JDBC\springjdbc\src\main\resources
2023-02-21 15:22:33,614 [Worker-45: Building] INFO  o.e.m.c.i.embedder.EclipseLogger - Using 'UTF-8' encoding to copy filtered resources.
2023-02-21 15:22:33,614 [Worker-45: Building] INFO  o.e.m.c.i.embedder.EclipseLogger - skip non existing resourceDirectory D:\Spring Tutorial\Spring JDBC\springjdbc\src\test\resources
2023-02-21 15:22:53,102 [Worker-46: Building] INFO  o.e.m.c.i.embedder.EclipseLogger - Using 'UTF-8' encoding to copy filtered resources.
2023-02-21 15:22:53,103 [Worker-46: Building] INFO  o.e.m.c.i.embedder.EclipseLogger - skip non existing resourceDirectory D:\Spring Tutorial\Spring JDBC\springjdbc\src\main\resources
2023-02-21 15:22:53,104 [Worker-46: Building] INFO  o.e.m.c.i.embedder.EclipseLogger - Using 'UTF-8' encoding to copy filtered resources.
2023-02-21 15:22:53,105 [Worker-46: Building] INFO  o.e.m.c.i.embedder.EclipseLogger - skip non existing resourceDirectory D:\Spring Tutorial\Spring JDBC\springjdbc\src\test\resources
2023-02-21 15:23:31,451 [Worker-43: Building] INFO  o.e.m.c.i.embedder.EclipseLogger - Using 'UTF-8' encoding to copy filtered resources.
2023-02-21 15:23:31,451 [Worker-43: Building] INFO  o.e.m.c.i.embedder.EclipseLogger - skip non existing resourceDirectory D:\Spring Tutorial\Spring JDBC\springjdbc\src\main\resources
2023-02-21 15:23:31,452 [Worker-43: Building] INFO  o.e.m.c.i.embedder.EclipseLogger - Using 'UTF-8' encoding to copy filtered resources.
2023-02-21 15:23:31,452 [Worker-43: Building] INFO  o.e.m.c.i.embedder.EclipseLogger - skip non existing resourceDirectory D:\Spring Tutorial\Spring JDBC\springjdbc\src\test\resources
2023-02-21 15:24:07,435 [Worker-48: Building] INFO  o.e.m.c.i.embedder.EclipseLogger - Using 'UTF-8' encoding to copy filtered resources.
2023-02-21 15:24:07,435 [Worker-48: Building] INFO  o.e.m.c.i.embedder.EclipseLogger - skip non existing resourceDirectory D:\Spring Tutorial\Spring JDBC\springjdbc\src\main\resources
2023-02-21 15:24:07,437 [Worker-48: Building] INFO  o.e.m.c.i.embedder.EclipseLogger - Using 'UTF-8' encoding to copy filtered resources.
2023-02-21 15:24:07,437 [Worker-48: Building] INFO  o.e.m.c.i.embedder.EclipseLogger - skip non existing resourceDirectory D:\Spring Tutorial\Spring JDBC\springjdbc\src\test\resources
2023-02-21 15:24:24,028 [Worker-48: Building] INFO  o.e.m.c.i.embedder.EclipseLogger - Using 'UTF-8' encoding to copy filtered resources.
2023-02-21 15:24:24,028 [Worker-48: Building] INFO  o.e.m.c.i.embedder.EclipseLogger - skip non existing resourceDirectory D:\Spring Tutorial\Spring JDBC\springjdbc\src\main\resources
2023-02-21 15:24:24,029 [Worker-48: Building] INFO  o.e.m.c.i.embedder.EclipseLogger - Using 'UTF-8' encoding to copy filtered resources.
2023-02-21 15:24:24,029 [Worker-48: Building] INFO  o.e.m.c.i.embedder.EclipseLogger - skip non existing resourceDirectory D:\Spring Tutorial\Spring JDBC\springjdbc\src\test\resources
2023-02-21 15:24:59,123 [Worker-47: Building] INFO  o.e.m.c.i.embedder.EclipseLogger - Using 'UTF-8' encoding to copy filtered resources.
2023-02-21 15:24:59,123 [Worker-47: Building] INFO  o.e.m.c.i.embedder.EclipseLogger - skip non existing resourceDirectory D:\Spring Tutorial\Spring JDBC\springjdbc\src\main\resources
2023-02-21 15:24:59,124 [Worker-47: Building] INFO  o.e.m.c.i.embedder.EclipseLogger - Using 'UTF-8' encoding to copy filtered resources.
2023-02-21 15:24:59,124 [Worker-47: Building] INFO  o.e.m.c.i.embedder.EclipseLogger - skip non existing resourceDirectory D:\Spring Tutorial\Spring JDBC\springjdbc\src\test\resources
2023-02-21 15:25:18,282 [Worker-29: Building] INFO  o.e.m.c.i.embedder.EclipseLogger - Using 'UTF-8' encoding to copy filtered resources.
2023-02-21 15:25:18,282 [Worker-29: Building] INFO  o.e.m.c.i.embedder.EclipseLogger - skip non existing resourceDirectory D:\Spring Tutorial\Spring JDBC\springjdbc\src\main\resources
2023-02-21 15:25:18,283 [Worker-29: Building] INFO  o.e.m.c.i.embedder.EclipseLogger - Using 'UTF-8' encoding to copy filtered resources.
2023-02-21 15:25:18,283 [Worker-29: Building] INFO  o.e.m.c.i.embedder.EclipseLogger - skip non existing resourceDirectory D:\Spring Tutorial\Spring JDBC\springjdbc\src\test\resources
2023-02-21 15:25:30,332 [Worker-48: Building] INFO  o.e.m.c.i.embedder.EclipseLogger - Using 'UTF-8' encoding to copy filtered resources.
2023-02-21 15:25:30,332 [Worker-48: Building] INFO  o.e.m.c.i.embedder.EclipseLogger - skip non existing resourceDirectory D:\Spring Tutorial\Spring JDBC\springjdbc\src\main\resources
2023-02-21 15:25:30,333 [Worker-48: Building] INFO  o.e.m.c.i.embedder.EclipseLogger - Using 'UTF-8' encoding to copy filtered resources.
2023-02-21 15:25:30,333 [Worker-48: Building] INFO  o.e.m.c.i.embedder.EclipseLogger - skip non existing resourceDirectory D:\Spring Tutorial\Spring JDBC\springjdbc\src\test\resources
2023-02-21 15:25:54,820 [Worker-48: Building] INFO  o.e.m.c.i.embedder.EclipseLogger - Using 'UTF-8' encoding to copy filtered resources.
2023-02-21 15:25:54,820 [Worker-48: Building] INFO  o.e.m.c.i.embedder.EclipseLogger - skip non existing resourceDirectory D:\Spring Tutorial\Spring JDBC\springjdbc\src\main\resources
2023-02-21 15:25:54,822 [Worker-48: Building] INFO  o.e.m.c.i.embedder.EclipseLogger - Using 'UTF-8' encoding to copy filtered resources.
2023-02-21 15:25:54,822 [Worker-48: Building] INFO  o.e.m.c.i.embedder.EclipseLogger - skip non existing resourceDirectory D:\Spring Tutorial\Spring JDBC\springjdbc\src\test\resources
2023-02-21 15:26:01,145 [Worker-45: Building] INFO  o.e.m.c.i.embedder.EclipseLogger - Using 'UTF-8' encoding to copy filtered resources.
2023-02-21 15:26:01,146 [Worker-45: Building] INFO  o.e.m.c.i.embedder.EclipseLogger - skip non existing resourceDirectory D:\Spring Tutorial\Spring JDBC\springjdbc\src\main\resources
2023-02-21 15:26:01,147 [Worker-45: Building] INFO  o.e.m.c.i.embedder.EclipseLogger - Using 'UTF-8' encoding to copy filtered resources.
2023-02-21 15:26:01,147 [Worker-45: Building] INFO  o.e.m.c.i.embedder.EclipseLogger - skip non existing resourceDirectory D:\Spring Tutorial\Spring JDBC\springjdbc\src\test\resources
2023-02-21 15:27:10,438 [Worker-29: Building] INFO  o.e.m.c.i.embedder.EclipseLogger - Using 'UTF-8' encoding to copy filtered resources.
2023-02-21 15:27:10,438 [Worker-29: Building] INFO  o.e.m.c.i.embedder.EclipseLogger - skip non existing resourceDirectory D:\Spring Tutorial\Spring JDBC\springjdbc\src\main\resources
2023-02-21 15:27:10,439 [Worker-29: Building] INFO  o.e.m.c.i.embedder.EclipseLogger - Using 'UTF-8' encoding to copy filtered resources.
2023-02-21 15:27:10,439 [Worker-29: Building] INFO  o.e.m.c.i.embedder.EclipseLogger - skip non existing resourceDirectory D:\Spring Tutorial\Spring JDBC\springjdbc\src\test\resources
2023-02-21 15:28:45,535 [Worker-29: Building] INFO  o.e.m.c.i.embedder.EclipseLogger - Using 'UTF-8' encoding to copy filtered resources.
2023-02-21 15:28:45,535 [Worker-29: Building] INFO  o.e.m.c.i.embedder.EclipseLogger - skip non existing resourceDirectory D:\Spring Tutorial\Spring JDBC\springjdbc\src\main\resources
2023-02-21 15:28:45,536 [Worker-29: Building] INFO  o.e.m.c.i.embedder.EclipseLogger - Using 'UTF-8' encoding to copy filtered resources.
2023-02-21 15:28:45,536 [Worker-29: Building] INFO  o.e.m.c.i.embedder.EclipseLogger - skip non existing resourceDirectory D:\Spring Tutorial\Spring JDBC\springjdbc\src\test\resources
2023-02-21 15:30:15,344 [Worker-43: Building] INFO  o.e.m.c.i.embedder.EclipseLogger - Using 'UTF-8' encoding to copy filtered resources.
2023-02-21 15:30:15,344 [Worker-43: Building] INFO  o.e.m.c.i.embedder.EclipseLogger - skip non existing resourceDirectory D:\Spring Tutorial\Spring JDBC\springjdbc\src\main\resources
2023-02-21 15:30:15,345 [Worker-43: Building] INFO  o.e.m.c.i.embedder.EclipseLogger - Using 'UTF-8' encoding to copy filtered resources.
2023-02-21 15:30:15,345 [Worker-43: Building] INFO  o.e.m.c.i.embedder.EclipseLogger - skip non existing resourceDirectory D:\Spring Tutorial\Spring JDBC\springjdbc\src\test\resources
2023-02-21 15:43:26,948 [Worker-53: Building] INFO  o.e.m.c.i.embedder.EclipseLogger - Using 'UTF-8' encoding to copy filtered resources.
2023-02-21 15:43:26,948 [Worker-53: Building] INFO  o.e.m.c.i.embedder.EclipseLogger - skip non existing resourceDirectory D:\Spring Tutorial\Spring JDBC\springjdbc\src\main\resources
2023-02-21 15:43:26,950 [Worker-53: Building] INFO  o.e.m.c.i.embedder.EclipseLogger - Using 'UTF-8' encoding to copy filtered resources.
2023-02-21 15:43:26,950 [Worker-53: Building] INFO  o.e.m.c.i.embedder.EclipseLogger - skip non existing resourceDirectory D:\Spring Tutorial\Spring JDBC\springjdbc\src\test\resources
2023-02-21 15:45:09,040 [Worker-54: Building] INFO  o.e.m.c.i.embedder.EclipseLogger - Using 'UTF-8' encoding to copy filtered resources.
2023-02-21 15:45:09,040 [Worker-54: Building] INFO  o.e.m.c.i.embedder.EclipseLogger - skip non existing resourceDirectory D:\Spring Tutorial\Spring JDBC\springjdbc\src\main\resources
2023-02-21 15:45:09,041 [Worker-54: Building] INFO  o.e.m.c.i.embedder.EclipseLogger - Using 'UTF-8' encoding to copy filtered resources.
2023-02-21 15:45:09,041 [Worker-54: Building] INFO  o.e.m.c.i.embedder.EclipseLogger - skip non existing resourceDirectory D:\Spring Tutorial\Spring JDBC\springjdbc\src\test\resources
2023-02-21 15:45:49,746 [Worker-48: Building] INFO  o.e.m.c.i.embedder.EclipseLogger - Using 'UTF-8' encoding to copy filtered resources.
2023-02-21 15:45:49,747 [Worker-48: Building] INFO  o.e.m.c.i.embedder.EclipseLogger - skip non existing resourceDirectory D:\Spring Tutorial\Spring JDBC\springjdbc\src\main\resources
2023-02-21 15:45:49,748 [Worker-48: Building] INFO  o.e.m.c.i.embedder.EclipseLogger - Using 'UTF-8' encoding to copy filtered resources.
2023-02-21 15:45:49,748 [Worker-48: Building] INFO  o.e.m.c.i.embedder.EclipseLogger - skip non existing resourceDirectory D:\Spring Tutorial\Spring JDBC\springjdbc\src\test\resources
2023-02-21 15:48:47,851 [Worker-54: Building] INFO  o.e.m.c.i.embedder.EclipseLogger - Using 'UTF-8' encoding to copy filtered resources.
2023-02-21 15:48:47,852 [Worker-54: Building] INFO  o.e.m.c.i.embedder.EclipseLogger - skip non existing resourceDirectory D:\Spring Tutorial\Spring JDBC\springjdbc\src\main\resources
2023-02-21 15:48:47,853 [Worker-54: Building] INFO  o.e.m.c.i.embedder.EclipseLogger - Using 'UTF-8' encoding to copy filtered resources.
2023-02-21 15:48:47,853 [Worker-54: Building] INFO  o.e.m.c.i.embedder.EclipseLogger - skip non existing resourceDirectory D:\Spring Tutorial\Spring JDBC\springjdbc\src\test\resources
2023-02-21 15:50:04,011 [Worker-54: Building] INFO  o.e.m.c.i.embedder.EclipseLogger - Using 'UTF-8' encoding to copy filtered resources.
2023-02-21 15:50:04,011 [Worker-54: Building] INFO  o.e.m.c.i.embedder.EclipseLogger - skip non existing resourceDirectory D:\Spring Tutorial\Spring JDBC\springjdbc\src\main\resources
2023-02-21 15:50:04,013 [Worker-54: Building] INFO  o.e.m.c.i.embedder.EclipseLogger - Using 'UTF-8' encoding to copy filtered resources.
2023-02-21 15:50:04,013 [Worker-54: Building] INFO  o.e.m.c.i.embedder.EclipseLogger - skip non existing resourceDirectory D:\Spring Tutorial\Spring JDBC\springjdbc\src\test\resources
2023-02-21 15:50:20,055 [Worker-51: Building] INFO  o.e.m.c.i.embedder.EclipseLogger - Using 'UTF-8' encoding to copy filtered resources.
2023-02-21 15:50:20,055 [Worker-51: Building] INFO  o.e.m.c.i.embedder.EclipseLogger - skip non existing resourceDirectory D:\Spring Tutorial\Spring JDBC\springjdbc\src\main\resources
2023-02-21 15:50:20,056 [Worker-51: Building] INFO  o.e.m.c.i.embedder.EclipseLogger - Using 'UTF-8' encoding to copy filtered resources.
2023-02-21 15:50:20,056 [Worker-51: Building] INFO  o.e.m.c.i.embedder.EclipseLogger - skip non existing resourceDirectory D:\Spring Tutorial\Spring JDBC\springjdbc\src\test\resources
2023-02-21 15:50:31,970 [Worker-48: Building] INFO  o.e.m.c.i.embedder.EclipseLogger - Using 'UTF-8' encoding to copy filtered resources.
2023-02-21 15:50:31,971 [Worker-48: Building] INFO  o.e.m.c.i.embedder.EclipseLogger - skip non existing resourceDirectory D:\Spring Tutorial\Spring JDBC\springjdbc\src\main\resources
2023-02-21 15:50:31,972 [Worker-48: Building] INFO  o.e.m.c.i.embedder.EclipseLogger - Using 'UTF-8' encoding to copy filtered resources.
2023-02-21 15:50:31,972 [Worker-48: Building] INFO  o.e.m.c.i.embedder.EclipseLogger - skip non existing resourceDirectory D:\Spring Tutorial\Spring JDBC\springjdbc\src\test\resources
2023-02-21 15:51:37,559 [Worker-55: Building] INFO  o.e.m.c.i.embedder.EclipseLogger - Using 'UTF-8' encoding to copy filtered resources.
2023-02-21 15:51:37,560 [Worker-55: Building] INFO  o.e.m.c.i.embedder.EclipseLogger - skip non existing resourceDirectory D:\Spring Tutorial\Spring JDBC\springjdbc\src\main\resources
2023-02-21 15:51:37,560 [Worker-55: Building] INFO  o.e.m.c.i.embedder.EclipseLogger - Using 'UTF-8' encoding to copy filtered resources.
2023-02-21 15:51:37,560 [Worker-55: Building] INFO  o.e.m.c.i.embedder.EclipseLogger - skip non existing resourceDirectory D:\Spring Tutorial\Spring JDBC\springjdbc\src\test\resources
